2015-12-10 16:05:46 Error: [Cake\Routing\Exception\MissingControllerException] Controller class ContactController could not be found.
Exception Attributes: array (
  'class' => 'ContactController',
  'plugin' => NULL,
  'prefix' => NULL,
  '_ext' => NULL,
)
Request URL: /cakephp/add
Stack Trace:
#0 /home/bitchtwn/public_html/cakephp/webroot/index.php(37): Cake\Routing\Dispatcher->dispatch(Object(Cake\Network\Request), Object(Cake\Network\Response))
#1 {main}


2015-12-10 16:06:09 Error: Fatal Error (1): Class 'App\Form\ContactForm' not found in [/home/bitchtwn/public_html/cakephp/src/Controller/ContactController.php, line 23]
Trace:
Cake\Error\BaseErrorHandler::handleFatalError() - CORE/src/Error/BaseErrorHandler.php, line 209
Cake\Error\BaseErrorHandler::Cake\Error\{closure}() - CORE/src/Error/BaseErrorHandler.php, line 92
[main] - [internal], line ??



2015-12-10 16:06:10 Error: [Cake\Error\FatalErrorException] Class 'App\Form\ContactForm' not found
Request URL: /cakephp/add
Stack Trace:
#0 /home/bitchtwn/public_html/cakephp/vendor/cakephp/cakephp/src/Error/BaseErrorHandler.php(92): Cake\Error\BaseErrorHandler->handleFatalError(1, 'Class 'App\\Form...', '/home/bitchtwn/...', 23)
#1 [internal function]: Cake\Error\BaseErrorHandler->Cake\Error\{closure}()
#2 {main}


2015-12-10 16:07:05 Error: [Cake\View\Exception\MissingTemplateException] Template file "Contact/index.ctp" is missing.
Exception Attributes: array (
  'file' => 'Contact/index.ctp',
)
Request URL: /cakephp/add
Stack Trace:
#0 /home/bitchtwn/public_html/cakephp/vendor/cakephp/cakephp/src/View/View.php(576): Cake\View\View->_getViewFileName(NULL)
#1 /home/bitchtwn/public_html/cakephp/vendor/cakephp/cakephp/src/Controller/Controller.php(611): Cake\View\View->render(NULL, NULL)
#2 /home/bitchtwn/public_html/cakephp/vendor/cakephp/cakephp/src/Routing/Dispatcher.php(120): Cake\Controller\Controller->render()
#3 /home/bitchtwn/public_html/cakephp/vendor/cakephp/cakephp/src/Routing/Dispatcher.php(87): Cake\Routing\Dispatcher->_invoke(Object(App\Controller\ContactController))
#4 /home/bitchtwn/public_html/cakephp/webroot/index.php(37): Cake\Routing\Dispatcher->dispatch(Object(Cake\Network\Request), Object(Cake\Network\Response))
#5 {main}


2015-12-11 05:54:42 Error: [Cake\Routing\Exception\MissingControllerException] Controller class Css could not be found.
Exception Attributes: array (
  'class' => 'Css',
  'plugin' => NULL,
  'prefix' => NULL,
  '_ext' => NULL,
)
Request URL: /cakephp/css/base.css
Stack Trace:
#0 /home/bitchtwn/public_html/cakephp/webroot/index.php(37): Cake\Routing\Dispatcher->dispatch(Object(Cake\Network\Request), Object(Cake\Network\Response))
#1 {main}


2015-12-11 06:43:03 Error: [Cake\Routing\Exception\MissingControllerException] Controller class Css could not be found.
Exception Attributes: array (
  'class' => 'Css',
  'plugin' => NULL,
  'prefix' => NULL,
  '_ext' => NULL,
)
Request URL: /cakephp/css/base.css
Stack Trace:
#0 /home/bitchtwn/public_html/cakephp/webroot/index.php(37): Cake\Routing\Dispatcher->dispatch(Object(Cake\Network\Request), Object(Cake\Network\Response))
#1 {main}


2015-12-11 07:14:14 Error: [Cake\Routing\Exception\MissingControllerException] Controller class C could not be found.
Request URL: /cakephp/c
Stack Trace:
#0 /home/bitchtwn/public_html/cakephp/webroot/index.php(37): Cake\Routing\Dispatcher->dispatch(Object(Cake\Network\Request), Object(Cake\Network\Response))
#1 {main}


2015-12-11 07:26:08 Warning: Warning (2): mb_strlen() expects parameter 1 to be string, array given in [/home/bitchtwn/public_html/cakephp/vendor/cakephp/cakephp/src/Validation/Validation.php, line 623]
Trace:
Cake\Error\BaseErrorHandler::handleError() - CORE/src/Error/BaseErrorHandler.php, line 140
mb_strlen - [internal], line ??
Cake\Validation\Validation::minLength() - CORE/src/Validation/Validation.php, line 623
ReflectionMethod::invokeArgs() - [internal], line ??
Cake\Validation\RulesProvider::__call() - CORE/src/Validation/RulesProvider.php, line 70
Cake\Validation\RulesProvider::minLength() - [internal], line ??
Cake\Validation\ValidationRule::process() - CORE/src/Validation/ValidationRule.php, line 138
Cake\Validation\Validator::_processRules() - CORE/src/Validation/Validator.php, line 667
Cake\Validation\Validator::errors() - CORE/src/Validation/Validator.php, line 136
Cake\Form\Form::validate() - CORE/src/Form/Form.php, line 141
Cake\Form\Form::execute() - CORE/src/Form/Form.php, line 172
App\Controller\ContactController::index() - APP/Controller/ContactController.php, line 25
Cake\Controller\Controller::invokeAction() - CORE/src/Controller/Controller.php, line 429
Cake\Routing\Dispatcher::_invoke() - CORE/src/Routing/Dispatcher.php, line 114
Cake\Routing\Dispatcher::dispatch() - CORE/src/Routing/Dispatcher.php, line 87
[main] - ROOT/webroot/index.php, line 37



2015-12-11 07:28:33 Warning: Warning (2): mb_strlen() expects parameter 1 to be string, array given in [/home/bitchtwn/public_html/cakephp/vendor/cakephp/cakephp/src/Validation/Validation.php, line 623]
Trace:
Cake\Error\BaseErrorHandler::handleError() - CORE/src/Error/BaseErrorHandler.php, line 140
mb_strlen - [internal], line ??
Cake\Validation\Validation::minLength() - CORE/src/Validation/Validation.php, line 623
ReflectionMethod::invokeArgs() - [internal], line ??
Cake\Validation\RulesProvider::__call() - CORE/src/Validation/RulesProvider.php, line 70
Cake\Validation\RulesProvider::minLength() - [internal], line ??
Cake\Validation\ValidationRule::process() - CORE/src/Validation/ValidationRule.php, line 138
Cake\Validation\Validator::_processRules() - CORE/src/Validation/Validator.php, line 667
Cake\Validation\Validator::errors() - CORE/src/Validation/Validator.php, line 136
Cake\Form\Form::validate() - CORE/src/Form/Form.php, line 141
Cake\Form\Form::execute() - CORE/src/Form/Form.php, line 172
App\Controller\ContactController::index() - APP/Controller/ContactController.php, line 25
Cake\Controller\Controller::invokeAction() - CORE/src/Controller/Controller.php, line 429
Cake\Routing\Dispatcher::_invoke() - CORE/src/Routing/Dispatcher.php, line 114
Cake\Routing\Dispatcher::dispatch() - CORE/src/Routing/Dispatcher.php, line 87
[main] - ROOT/webroot/index.php, line 37



2015-12-11 08:48:03 Error: Fatal Error (4): syntax error, unexpected '->' (T_OBJECT_OPERATOR), expecting identifier (T_STRING) or variable (T_VARIABLE) or '{' or '$' in [/home/bitchtwn/public_html/cakephp/src/Form/ContactForm.php, line 18]
Trace:
Cake\Error\BaseErrorHandler::handleFatalError() - CORE/src/Error/BaseErrorHandler.php, line 209
Cake\Error\BaseErrorHandler::Cake\Error\{closure}() - CORE/src/Error/BaseErrorHandler.php, line 92
[main] - [internal], line ??



2015-12-11 08:48:03 Error: [Cake\Error\FatalErrorException] syntax error, unexpected '->' (T_OBJECT_OPERATOR), expecting identifier (T_STRING) or variable (T_VARIABLE) or '{' or '$'
Request URL: /cakephp/add
Stack Trace:
#0 /home/bitchtwn/public_html/cakephp/vendor/cakephp/cakephp/src/Error/BaseErrorHandler.php(92): Cake\Error\BaseErrorHandler->handleFatalError(4, 'syntax error, u...', '/home/bitchtwn/...', 18)
#1 [internal function]: Cake\Error\BaseErrorHandler->Cake\Error\{closure}()
#2 {main}


2015-12-11 08:48:24 Warning: Warning (2): implode() [<a href='http://php.net/function.implode'>function.implode</a>]: Invalid arguments passed in [/home/bitchtwn/public_html/cakephp/src/Form/ContactForm.php, line 64]
Trace:
Cake\Error\BaseErrorHandler::handleError() - CORE/src/Error/BaseErrorHandler.php, line 140
implode - [internal], line ??
App\Form\ContactForm::_execute() - APP/Form/ContactForm.php, line 64
Cake\Form\Form::execute() - CORE/src/Form/Form.php, line 175
App\Controller\ContactController::index() - APP/Controller/ContactController.php, line 25
Cake\Controller\Controller::invokeAction() - CORE/src/Controller/Controller.php, line 429
Cake\Routing\Dispatcher::_invoke() - CORE/src/Routing/Dispatcher.php, line 114
Cake\Routing\Dispatcher::dispatch() - CORE/src/Routing/Dispatcher.php, line 87
[main] - ROOT/webroot/index.php, line 37



2015-12-11 08:50:56 Error: Fatal Error (1): Call to a member function errors() on a non-object in [/home/bitchtwn/public_html/cakephp/src/Template/Contact/index.ctp, line 127]
Trace:
Cake\Error\BaseErrorHandler::handleFatalError() - CORE/src/Error/BaseErrorHandler.php, line 209
Cake\Error\BaseErrorHandler::Cake\Error\{closure}() - CORE/src/Error/BaseErrorHandler.php, line 92
[main] - [internal], line ??



2015-12-11 08:50:56 Error: [Cake\Error\FatalErrorException] Call to a member function errors() on a non-object
Request URL: /cakephp/add
Stack Trace:
#0 /home/bitchtwn/public_html/cakephp/vendor/cakephp/cakephp/src/Error/BaseErrorHandler.php(92): Cake\Error\BaseErrorHandler->handleFatalError(1, 'Call to a membe...', '/home/bitchtwn/...', 127)
#1 [internal function]: Cake\Error\BaseErrorHandler->Cake\Error\{closure}()
#2 {main}


2015-12-11 08:58:02 Warning: Warning (2): implode() [<a href='http://php.net/function.implode'>function.implode</a>]: Invalid arguments passed in [/home/bitchtwn/public_html/cakephp/src/Form/ContactForm.php, line 58]
Trace:
Cake\Error\BaseErrorHandler::handleError() - CORE/src/Error/BaseErrorHandler.php, line 140
implode - [internal], line ??
App\Form\ContactForm::_execute() - APP/Form/ContactForm.php, line 58
Cake\Form\Form::execute() - CORE/src/Form/Form.php, line 175
App\Controller\ContactController::index() - APP/Controller/ContactController.php, line 25
Cake\Controller\Controller::invokeAction() - CORE/src/Controller/Controller.php, line 429
Cake\Routing\Dispatcher::_invoke() - CORE/src/Routing/Dispatcher.php, line 114
Cake\Routing\Dispatcher::dispatch() - CORE/src/Routing/Dispatcher.php, line 87
[main] - ROOT/webroot/index.php, line 37



2015-12-11 09:03:55 Warning: Warning (2): implode() [<a href='http://php.net/function.implode'>function.implode</a>]: Invalid arguments passed in [/home/bitchtwn/public_html/cakephp/src/Form/ContactForm.php, line 58]
Trace:
Cake\Error\BaseErrorHandler::handleError() - CORE/src/Error/BaseErrorHandler.php, line 140
implode - [internal], line ??
App\Form\ContactForm::_execute() - APP/Form/ContactForm.php, line 58
Cake\Form\Form::execute() - CORE/src/Form/Form.php, line 175
App\Controller\ContactController::index() - APP/Controller/ContactController.php, line 25
Cake\Controller\Controller::invokeAction() - CORE/src/Controller/Controller.php, line 429
Cake\Routing\Dispatcher::_invoke() - CORE/src/Routing/Dispatcher.php, line 114
Cake\Routing\Dispatcher::dispatch() - CORE/src/Routing/Dispatcher.php, line 87
[main] - ROOT/webroot/index.php, line 37



2015-12-11 09:21:56 Warning: Warning (2): Missing argument 1 for Cake\View\Helper\FormHelper::error(), called in /home/bitchtwn/public_html/cakephp/src/Template/Contact/index.ctp on line 127 and defined in [/home/bitchtwn/public_html/cakephp/vendor/cakephp/cakephp/src/View/Helper/FormHelper.php, line 675]
Trace:
Cake\Error\BaseErrorHandler::handleError() - CORE/src/Error/BaseErrorHandler.php, line 140
Cake\View\Helper\FormHelper::error() - CORE/src/View/Helper/FormHelper.php, line 675
include - APP/Template/Contact/index.ctp, line 127
Cake\View\View::_evaluate() - CORE/src/View/View.php, line 971
Cake\View\View::_render() - CORE/src/View/View.php, line 931
Cake\View\View::render() - CORE/src/View/View.php, line 579
Cake\Controller\Controller::render() - CORE/src/Controller/Controller.php, line 611
Cake\Routing\Dispatcher::_invoke() - CORE/src/Routing/Dispatcher.php, line 120
Cake\Routing\Dispatcher::dispatch() - CORE/src/Routing/Dispatcher.php, line 87
[main] - ROOT/webroot/index.php, line 37



2015-12-11 20:20:12 Error: Fatal Error (4): syntax error, unexpected ')' in [/home/bitchtwn/public_html/cakephp/src/Controller/ContactController.php, line 26]
Trace:
Cake\Error\BaseErrorHandler::handleFatalError() - CORE/src/Error/BaseErrorHandler.php, line 209
Cake\Error\BaseErrorHandler::Cake\Error\{closure}() - CORE/src/Error/BaseErrorHandler.php, line 92
[main] - [internal], line ??



2015-12-11 20:20:13 Error: [Cake\Error\FatalErrorException] syntax error, unexpected ')'
Request URL: /cakephp/add
Stack Trace:
#0 /home/bitchtwn/public_html/cakephp/vendor/cakephp/cakephp/src/Error/BaseErrorHandler.php(92): Cake\Error\BaseErrorHandler->handleFatalError(4, 'syntax error, u...', '/home/bitchtwn/...', 26)
#1 [internal function]: Cake\Error\BaseErrorHandler->Cake\Error\{closure}()
#2 {main}


2015-12-11 20:24:01 Warning: Warning (2): implode() [<a href='http://php.net/function.implode'>function.implode</a>]: Invalid arguments passed in [/home/bitchtwn/public_html/cakephp/src/Form/ContactForm.php, line 58]
Trace:
Cake\Error\BaseErrorHandler::handleError() - CORE/src/Error/BaseErrorHandler.php, line 140
implode - [internal], line ??
App\Form\ContactForm::_execute() - APP/Form/ContactForm.php, line 58
Cake\Form\Form::execute() - CORE/src/Form/Form.php, line 175
App\Controller\ContactController::index() - APP/Controller/ContactController.php, line 25
Cake\Controller\Controller::invokeAction() - CORE/src/Controller/Controller.php, line 429
Cake\Routing\Dispatcher::_invoke() - CORE/src/Routing/Dispatcher.php, line 114
Cake\Routing\Dispatcher::dispatch() - CORE/src/Routing/Dispatcher.php, line 87
[main] - ROOT/webroot/index.php, line 37



2015-12-12 05:13:00 Warning: Warning (2): implode() [<a href='http://php.net/function.implode'>function.implode</a>]: Invalid arguments passed in [/home/bitchtwn/public_html/cakephp/src/Form/ContactForm.php, line 58]
Trace:
Cake\Error\BaseErrorHandler::handleError() - CORE/src/Error/BaseErrorHandler.php, line 140
implode - [internal], line ??
App\Form\ContactForm::_execute() - APP/Form/ContactForm.php, line 58
Cake\Form\Form::execute() - CORE/src/Form/Form.php, line 175
App\Controller\ContactController::index() - APP/Controller/ContactController.php, line 25
Cake\Controller\Controller::invokeAction() - CORE/src/Controller/Controller.php, line 429
Cake\Routing\Dispatcher::_invoke() - CORE/src/Routing/Dispatcher.php, line 114
Cake\Routing\Dispatcher::dispatch() - CORE/src/Routing/Dispatcher.php, line 87
[main] - ROOT/webroot/index.php, line 37



2015-12-12 05:13:41 Warning: Warning (2): implode() [<a href='http://php.net/function.implode'>function.implode</a>]: Invalid arguments passed in [/home/bitchtwn/public_html/cakephp/src/Form/ContactForm.php, line 58]
Trace:
Cake\Error\BaseErrorHandler::handleError() - CORE/src/Error/BaseErrorHandler.php, line 140
implode - [internal], line ??
App\Form\ContactForm::_execute() - APP/Form/ContactForm.php, line 58
Cake\Form\Form::execute() - CORE/src/Form/Form.php, line 175
App\Controller\ContactController::index() - APP/Controller/ContactController.php, line 25
Cake\Controller\Controller::invokeAction() - CORE/src/Controller/Controller.php, line 429
Cake\Routing\Dispatcher::_invoke() - CORE/src/Routing/Dispatcher.php, line 114
Cake\Routing\Dispatcher::dispatch() - CORE/src/Routing/Dispatcher.php, line 87
[main] - ROOT/webroot/index.php, line 37



2015-12-12 05:33:44 Warning: Warning (2): implode() [<a href='http://php.net/function.implode'>function.implode</a>]: Invalid arguments passed in [/home/bitchtwn/public_html/cakephp/src/Form/ContactForm.php, line 58]
Trace:
Cake\Error\BaseErrorHandler::handleError() - CORE/src/Error/BaseErrorHandler.php, line 140
implode - [internal], line ??
App\Form\ContactForm::_execute() - APP/Form/ContactForm.php, line 58
Cake\Form\Form::execute() - CORE/src/Form/Form.php, line 175
App\Controller\ContactController::index() - APP/Controller/ContactController.php, line 25
Cake\Controller\Controller::invokeAction() - CORE/src/Controller/Controller.php, line 429
Cake\Routing\Dispatcher::_invoke() - CORE/src/Routing/Dispatcher.php, line 114
Cake\Routing\Dispatcher::dispatch() - CORE/src/Routing/Dispatcher.php, line 87
[main] - ROOT/webroot/index.php, line 37



2015-12-12 16:51:12 Error: Fatal Error (1): Call to a member function connect() on a non-object in [/home/bitchtwn/public_html/cakephp/config/routes.php, line 81]
Trace:
Cake\Error\BaseErrorHandler::handleFatalError() - CORE/src/Error/BaseErrorHandler.php, line 209
Cake\Error\BaseErrorHandler::Cake\Error\{closure}() - CORE/src/Error/BaseErrorHandler.php, line 92
[main] - [internal], line ??



2015-12-12 16:51:12 Error: [Cake\Error\FatalErrorException] Call to a member function connect() on a non-object
Request URL: /cakephp/debug_kit/toolbar/cf4411da-e421-4200-9ea9-f9baf5afece1
Stack Trace:
#0 /home/bitchtwn/public_html/cakephp/vendor/cakephp/cakephp/src/Error/BaseErrorHandler.php(92): Cake\Error\BaseErrorHandler->handleFatalError(1, 'Call to a membe...', '/home/bitchtwn/...', 81)
#1 [internal function]: Cake\Error\BaseErrorHandler->Cake\Error\{closure}()
#2 {main}


2015-12-12 16:51:13 Error: Fatal Error (1): Call to a member function connect() on a non-object in [/home/bitchtwn/public_html/cakephp/config/routes.php, line 81]
Trace:
Cake\Error\BaseErrorHandler::handleFatalError() - CORE/src/Error/BaseErrorHandler.php, line 209
Cake\Error\BaseErrorHandler::Cake\Error\{closure}() - CORE/src/Error/BaseErrorHandler.php, line 92
[main] - [internal], line ??



2015-12-12 16:51:13 Error: [Cake\Error\FatalErrorException] Call to a member function connect() on a non-object
Request URL: /cakephp/debug_kit/toolbar/735d94e6-8a3d-405c-9bc5-cbbec682756e
Stack Trace:
#0 /home/bitchtwn/public_html/cakephp/vendor/cakephp/cakephp/src/Error/BaseErrorHandler.php(92): Cake\Error\BaseErrorHandler->handleFatalError(1, 'Call to a membe...', '/home/bitchtwn/...', 81)
#1 [internal function]: Cake\Error\BaseErrorHandler->Cake\Error\{closure}()
#2 {main}


2015-12-12 16:51:14 Error: Fatal Error (1): Call to a member function connect() on a non-object in [/home/bitchtwn/public_html/cakephp/config/routes.php, line 81]
Trace:
Cake\Error\BaseErrorHandler::handleFatalError() - CORE/src/Error/BaseErrorHandler.php, line 209
Cake\Error\BaseErrorHandler::Cake\Error\{closure}() - CORE/src/Error/BaseErrorHandler.php, line 92
[main] - [internal], line ??



2015-12-12 16:51:14 Error: [Cake\Error\FatalErrorException] Call to a member function connect() on a non-object
Request URL: /cakephp/debug_kit/toolbar/f1e73625-a135-450f-984f-4f333dd2302b
Stack Trace:
#0 /home/bitchtwn/public_html/cakephp/vendor/cakephp/cakephp/src/Error/BaseErrorHandler.php(92): Cake\Error\BaseErrorHandler->handleFatalError(1, 'Call to a membe...', '/home/bitchtwn/...', 81)
#1 [internal function]: Cake\Error\BaseErrorHandler->Cake\Error\{closure}()
#2 {main}


2015-12-12 16:51:15 Error: Fatal Error (1): Call to a member function connect() on a non-object in [/home/bitchtwn/public_html/cakephp/config/routes.php, line 81]
Trace:
Cake\Error\BaseErrorHandler::handleFatalError() - CORE/src/Error/BaseErrorHandler.php, line 209
Cake\Error\BaseErrorHandler::Cake\Error\{closure}() - CORE/src/Error/BaseErrorHandler.php, line 92
[main] - [internal], line ??



2015-12-12 16:51:15 Error: Fatal Error (1): Call to a member function connect() on a non-object in [/home/bitchtwn/public_html/cakephp/config/routes.php, line 81]
Trace:
Cake\Error\BaseErrorHandler::handleFatalError() - CORE/src/Error/BaseErrorHandler.php, line 209
Cake\Error\BaseErrorHandler::Cake\Error\{closure}() - CORE/src/Error/BaseErrorHandler.php, line 92
[main] - [internal], line ??



2015-12-12 16:51:15 Error: [Cake\Error\FatalErrorException] Call to a member function connect() on a non-object
Request URL: /cakephp/
Stack Trace:
#0 /home/bitchtwn/public_html/cakephp/vendor/cakephp/cakephp/src/Error/BaseErrorHandler.php(92): Cake\Error\BaseErrorHandler->handleFatalError(1, 'Call to a membe...', '/home/bitchtwn/...', 81)
#1 [internal function]: Cake\Error\BaseErrorHandler->Cake\Error\{closure}()
#2 {main}


2015-12-12 16:51:15 Error: [Cake\Error\FatalErrorException] Call to a member function connect() on a non-object
Request URL: /cakephp/debug_kit/toolbar/cdd131b8-dd23-45b5-b0bf-de0c0bfe732c
Stack Trace:
#0 /home/bitchtwn/public_html/cakephp/vendor/cakephp/cakephp/src/Error/BaseErrorHandler.php(92): Cake\Error\BaseErrorHandler->handleFatalError(1, 'Call to a membe...', '/home/bitchtwn/...', 81)
#1 [internal function]: Cake\Error\BaseErrorHandler->Cake\Error\{closure}()
#2 {main}


2015-12-12 16:52:04 Error: Fatal Error (1): Call to a member function connect() on a non-object in [/home/bitchtwn/public_html/cakephp/config/routes.php, line 81]
Trace:
Cake\Error\BaseErrorHandler::handleFatalError() - CORE/src/Error/BaseErrorHandler.php, line 209
Cake\Error\BaseErrorHandler::Cake\Error\{closure}() - CORE/src/Error/BaseErrorHandler.php, line 92
[main] - [internal], line ??



2015-12-12 16:52:04 Error: [Cake\Error\FatalErrorException] Call to a member function connect() on a non-object
Request URL: /cakephp/debug_kit/toolbar/a332a43c-67a6-4253-8abe-8c2456ab9060
Stack Trace:
#0 /home/bitchtwn/public_html/cakephp/vendor/cakephp/cakephp/src/Error/BaseErrorHandler.php(92): Cake\Error\BaseErrorHandler->handleFatalError(1, 'Call to a membe...', '/home/bitchtwn/...', 81)
#1 [internal function]: Cake\Error\BaseErrorHandler->Cake\Error\{closure}()
#2 {main}


2015-12-12 16:52:05 Error: Fatal Error (1): Call to a member function connect() on a non-object in [/home/bitchtwn/public_html/cakephp/config/routes.php, line 81]
Trace:
Cake\Error\BaseErrorHandler::handleFatalError() - CORE/src/Error/BaseErrorHandler.php, line 209
Cake\Error\BaseErrorHandler::Cake\Error\{closure}() - CORE/src/Error/BaseErrorHandler.php, line 92
[main] - [internal], line ??



2015-12-12 16:52:05 Error: [Cake\Error\FatalErrorException] Call to a member function connect() on a non-object
Request URL: /cakephp/debug_kit/toolbar/c4535612-475d-48d8-b0f5-eff831acafd2
Stack Trace:
#0 /home/bitchtwn/public_html/cakephp/vendor/cakephp/cakephp/src/Error/BaseErrorHandler.php(92): Cake\Error\BaseErrorHandler->handleFatalError(1, 'Call to a membe...', '/home/bitchtwn/...', 81)
#1 [internal function]: Cake\Error\BaseErrorHandler->Cake\Error\{closure}()
#2 {main}


2015-12-12 16:52:06 Error: Fatal Error (1): Call to a member function connect() on a non-object in [/home/bitchtwn/public_html/cakephp/config/routes.php, line 81]
Trace:
Cake\Error\BaseErrorHandler::handleFatalError() - CORE/src/Error/BaseErrorHandler.php, line 209
Cake\Error\BaseErrorHandler::Cake\Error\{closure}() - CORE/src/Error/BaseErrorHandler.php, line 92
[main] - [internal], line ??



2015-12-12 16:52:06 Error: [Cake\Error\FatalErrorException] Call to a member function connect() on a non-object
Request URL: /cakephp/debug_kit/toolbar/d2b5b7b4-4bfc-4a20-9fae-ddcafaf705e5
Stack Trace:
#0 /home/bitchtwn/public_html/cakephp/vendor/cakephp/cakephp/src/Error/BaseErrorHandler.php(92): Cake\Error\BaseErrorHandler->handleFatalError(1, 'Call to a membe...', '/home/bitchtwn/...', 81)
#1 [internal function]: Cake\Error\BaseErrorHandler->Cake\Error\{closure}()
#2 {main}


2015-12-12 16:52:07 Error: Fatal Error (1): Call to a member function connect() on a non-object in [/home/bitchtwn/public_html/cakephp/config/routes.php, line 81]
Trace:
Cake\Error\BaseErrorHandler::handleFatalError() - CORE/src/Error/BaseErrorHandler.php, line 209
Cake\Error\BaseErrorHandler::Cake\Error\{closure}() - CORE/src/Error/BaseErrorHandler.php, line 92
[main] - [internal], line ??



2015-12-12 16:52:07 Error: [Cake\Error\FatalErrorException] Call to a member function connect() on a non-object
Request URL: /cakephp/debug_kit/toolbar/7f0ff6c4-96d3-4534-806f-eb2f5744fb65
Stack Trace:
#0 /home/bitchtwn/public_html/cakephp/vendor/cakephp/cakephp/src/Error/BaseErrorHandler.php(92): Cake\Error\BaseErrorHandler->handleFatalError(1, 'Call to a membe...', '/home/bitchtwn/...', 81)
#1 [internal function]: Cake\Error\BaseErrorHandler->Cake\Error\{closure}()
#2 {main}


2015-12-12 16:52:08 Error: Fatal Error (1): Call to a member function connect() on a non-object in [/home/bitchtwn/public_html/cakephp/config/routes.php, line 81]
Trace:
Cake\Error\BaseErrorHandler::handleFatalError() - CORE/src/Error/BaseErrorHandler.php, line 209
Cake\Error\BaseErrorHandler::Cake\Error\{closure}() - CORE/src/Error/BaseErrorHandler.php, line 92
[main] - [internal], line ??



2015-12-12 16:52:08 Error: [Cake\Error\FatalErrorException] Call to a member function connect() on a non-object
Request URL: /cakephp/debug_kit/toolbar/9d15d650-9854-4a8c-8cc6-63b1bfd18163
Stack Trace:
#0 /home/bitchtwn/public_html/cakephp/vendor/cakephp/cakephp/src/Error/BaseErrorHandler.php(92): Cake\Error\BaseErrorHandler->handleFatalError(1, 'Call to a membe...', '/home/bitchtwn/...', 81)
#1 [internal function]: Cake\Error\BaseErrorHandler->Cake\Error\{closure}()
#2 {main}


2015-12-12 16:52:09 Error: Fatal Error (1): Call to a member function connect() on a non-object in [/home/bitchtwn/public_html/cakephp/config/routes.php, line 81]
Trace:
Cake\Error\BaseErrorHandler::handleFatalError() - CORE/src/Error/BaseErrorHandler.php, line 209
Cake\Error\BaseErrorHandler::Cake\Error\{closure}() - CORE/src/Error/BaseErrorHandler.php, line 92
[main] - [internal], line ??



2015-12-12 16:52:09 Error: [Cake\Error\FatalErrorException] Call to a member function connect() on a non-object
Request URL: /cakephp/debug_kit/toolbar/ee36716c-6ceb-4853-80fe-33f32d4f4f49
Stack Trace:
#0 /home/bitchtwn/public_html/cakephp/vendor/cakephp/cakephp/src/Error/BaseErrorHandler.php(92): Cake\Error\BaseErrorHandler->handleFatalError(1, 'Call to a membe...', '/home/bitchtwn/...', 81)
#1 [internal function]: Cake\Error\BaseErrorHandler->Cake\Error\{closure}()
#2 {main}


2015-12-12 16:52:10 Error: Fatal Error (1): Call to a member function connect() on a non-object in [/home/bitchtwn/public_html/cakephp/config/routes.php, line 81]
Trace:
Cake\Error\BaseErrorHandler::handleFatalError() - CORE/src/Error/BaseErrorHandler.php, line 209
Cake\Error\BaseErrorHandler::Cake\Error\{closure}() - CORE/src/Error/BaseErrorHandler.php, line 92
[main] - [internal], line ??



2015-12-12 16:52:10 Error: [Cake\Error\FatalErrorException] Call to a member function connect() on a non-object
Request URL: /cakephp/debug_kit/toolbar/c55ed0b8-c34d-4b84-8696-26c4e1724d3b
Stack Trace:
#0 /home/bitchtwn/public_html/cakephp/vendor/cakephp/cakephp/src/Error/BaseErrorHandler.php(92): Cake\Error\BaseErrorHandler->handleFatalError(1, 'Call to a membe...', '/home/bitchtwn/...', 81)
#1 [internal function]: Cake\Error\BaseErrorHandler->Cake\Error\{closure}()
#2 {main}


2015-12-12 16:52:11 Error: Fatal Error (1): Call to a member function connect() on a non-object in [/home/bitchtwn/public_html/cakephp/config/routes.php, line 81]
Trace:
Cake\Error\BaseErrorHandler::handleFatalError() - CORE/src/Error/BaseErrorHandler.php, line 209
Cake\Error\BaseErrorHandler::Cake\Error\{closure}() - CORE/src/Error/BaseErrorHandler.php, line 92
[main] - [internal], line ??



2015-12-12 16:52:11 Error: [Cake\Error\FatalErrorException] Call to a member function connect() on a non-object
Request URL: /cakephp/debug_kit/toolbar/6a337a08-b5d1-4055-af30-b24128af2d36
Stack Trace:
#0 /home/bitchtwn/public_html/cakephp/vendor/cakephp/cakephp/src/Error/BaseErrorHandler.php(92): Cake\Error\BaseErrorHandler->handleFatalError(1, 'Call to a membe...', '/home/bitchtwn/...', 81)
#1 [internal function]: Cake\Error\BaseErrorHandler->Cake\Error\{closure}()
#2 {main}


2015-12-12 16:52:12 Error: Fatal Error (1): Call to a member function connect() on a non-object in [/home/bitchtwn/public_html/cakephp/config/routes.php, line 81]
Trace:
Cake\Error\BaseErrorHandler::handleFatalError() - CORE/src/Error/BaseErrorHandler.php, line 209
Cake\Error\BaseErrorHandler::Cake\Error\{closure}() - CORE/src/Error/BaseErrorHandler.php, line 92
[main] - [internal], line ??



2015-12-12 16:52:14 Error: [Cake\Error\FatalErrorException] Call to a member function connect() on a non-object
Request URL: /cakephp/debug_kit/toolbar/861abebf-1486-4fe2-ad97-01eada3028be
Stack Trace:
#0 /home/bitchtwn/public_html/cakephp/vendor/cakephp/cakephp/src/Error/BaseErrorHandler.php(92): Cake\Error\BaseErrorHandler->handleFatalError(1, 'Call to a membe...', '/home/bitchtwn/...', 81)
#1 [internal function]: Cake\Error\BaseErrorHandler->Cake\Error\{closure}()
#2 {main}


2015-12-12 16:53:56 Error: [Cake\Routing\Exception\MissingRouteException] A route matching "/articles" could not be found.
Exception Attributes: array (
  'url' => '/articles',
)
Request URL: /cakephp/articles
Stack Trace:
#0 /home/bitchtwn/public_html/cakephp/vendor/cakephp/cakephp/src/Routing/Router.php(338): Cake\Routing\RouteCollection->parse('/articles')
#1 /home/bitchtwn/public_html/cakephp/vendor/cakephp/cakephp/src/Routing/Filter/RoutingFilter.php(53): Cake\Routing\Router::parse('articles')
#2 /home/bitchtwn/public_html/cakephp/vendor/cakephp/cakephp/src/Routing/DispatcherFilter.php(145): Cake\Routing\Filter\RoutingFilter->beforeDispatch(Object(Cake\Event\Event))
#3 /home/bitchtwn/public_html/cakephp/vendor/cakephp/cakephp/src/Event/EventManager.php(389): Cake\Routing\DispatcherFilter->handle(Object(Cake\Event\Event), Object(Cake\Network\Request), Object(Cake\Network\Response))
#4 /home/bitchtwn/public_html/cakephp/vendor/cakephp/cakephp/src/Event/EventManager.php(355): Cake\Event\EventManager->_callListener(Array, Object(Cake\Event\Event))
#5 /home/bitchtwn/public_html/cakephp/vendor/cakephp/cakephp/src/Event/EventDispatcherTrait.php(78): Cake\Event\EventManager->dispatch(Object(Cake\Event\Event))
#6 /home/bitchtwn/public_html/cakephp/vendor/cakephp/cakephp/src/Routing/Dispatcher.php(62): Cake\Routing\Dispatcher->dispatchEvent('Dispatcher.befo...', Array)
#7 /home/bitchtwn/public_html/cakephp/webroot/index.php(37): Cake\Routing\Dispatcher->dispatch(Object(Cake\Network\Request), Object(Cake\Network\Response))
#8 {main}


2015-12-12 16:54:07 Error: Fatal Error (1): Call to a member function connect() on a non-object in [/home/bitchtwn/public_html/cakephp/config/routes.php, line 81]
Trace:
Cake\Error\BaseErrorHandler::handleFatalError() - CORE/src/Error/BaseErrorHandler.php, line 209
Cake\Error\BaseErrorHandler::Cake\Error\{closure}() - CORE/src/Error/BaseErrorHandler.php, line 92
[main] - [internal], line ??



2015-12-12 16:54:07 Error: [Cake\Error\FatalErrorException] Call to a member function connect() on a non-object
Request URL: /cakephp/articles
Stack Trace:
#0 /home/bitchtwn/public_html/cakephp/vendor/cakephp/cakephp/src/Error/BaseErrorHandler.php(92): Cake\Error\BaseErrorHandler->handleFatalError(1, 'Call to a membe...', '/home/bitchtwn/...', 81)
#1 [internal function]: Cake\Error\BaseErrorHandler->Cake\Error\{closure}()
#2 {main}


2015-12-12 16:54:40 Error: Fatal Error (1): Call to a member function connect() on a non-object in [/home/bitchtwn/public_html/cakephp/config/routes.php, line 81]
Trace:
Cake\Error\BaseErrorHandler::handleFatalError() - CORE/src/Error/BaseErrorHandler.php, line 209
Cake\Error\BaseErrorHandler::Cake\Error\{closure}() - CORE/src/Error/BaseErrorHandler.php, line 92
[main] - [internal], line ??



2015-12-12 16:54:40 Error: [Cake\Error\FatalErrorException] Call to a member function connect() on a non-object
Request URL: /cakephp/debug_kit/toolbar/2e471271-e399-458b-a3a0-fe7872e9c54d
Stack Trace:
#0 /home/bitchtwn/public_html/cakephp/vendor/cakephp/cakephp/src/Error/BaseErrorHandler.php(92): Cake\Error\BaseErrorHandler->handleFatalError(1, 'Call to a membe...', '/home/bitchtwn/...', 81)
#1 [internal function]: Cake\Error\BaseErrorHandler->Cake\Error\{closure}()
#2 {main}


2015-12-12 16:54:41 Error: Fatal Error (1): Call to a member function connect() on a non-object in [/home/bitchtwn/public_html/cakephp/config/routes.php, line 81]
Trace:
Cake\Error\BaseErrorHandler::handleFatalError() - CORE/src/Error/BaseErrorHandler.php, line 209
Cake\Error\BaseErrorHandler::Cake\Error\{closure}() - CORE/src/Error/BaseErrorHandler.php, line 92
[main] - [internal], line ??



2015-12-12 16:54:41 Error: [Cake\Error\FatalErrorException] Call to a member function connect() on a non-object
Request URL: /cakephp/debug_kit/toolbar/21aeb8fb-7308-42bd-8927-74462ec933fd
Stack Trace:
#0 /home/bitchtwn/public_html/cakephp/vendor/cakephp/cakephp/src/Error/BaseErrorHandler.php(92): Cake\Error\BaseErrorHandler->handleFatalError(1, 'Call to a membe...', '/home/bitchtwn/...', 81)
#1 [internal function]: Cake\Error\BaseErrorHandler->Cake\Error\{closure}()
#2 {main}


2015-12-12 16:54:43 Error: Fatal Error (1): Call to a member function connect() on a non-object in [/home/bitchtwn/public_html/cakephp/config/routes.php, line 81]
Trace:
Cake\Error\BaseErrorHandler::handleFatalError() - CORE/src/Error/BaseErrorHandler.php, line 209
Cake\Error\BaseErrorHandler::Cake\Error\{closure}() - CORE/src/Error/BaseErrorHandler.php, line 92
[main] - [internal], line ??



2015-12-12 16:54:44 Error: [Cake\Error\FatalErrorException] Call to a member function connect() on a non-object
Request URL: /cakephp/debug_kit/toolbar/a6345e35-0672-4d50-94ae-1317f1fd7011
Stack Trace:
#0 /home/bitchtwn/public_html/cakephp/vendor/cakephp/cakephp/src/Error/BaseErrorHandler.php(92): Cake\Error\BaseErrorHandler->handleFatalError(1, 'Call to a membe...', '/home/bitchtwn/...', 81)
#1 [internal function]: Cake\Error\BaseErrorHandler->Cake\Error\{closure}()
#2 {main}


2015-12-12 16:54:47 Error: Fatal Error (1): Call to a member function connect() on a non-object in [/home/bitchtwn/public_html/cakephp/config/routes.php, line 81]
Trace:
Cake\Error\BaseErrorHandler::handleFatalError() - CORE/src/Error/BaseErrorHandler.php, line 209
Cake\Error\BaseErrorHandler::Cake\Error\{closure}() - CORE/src/Error/BaseErrorHandler.php, line 92
[main] - [internal], line ??



2015-12-12 16:54:47 Error: [Cake\Error\FatalErrorException] Call to a member function connect() on a non-object
Request URL: /cakephp/debug_kit/toolbar/a71bc3c0-2531-492d-b20a-1fbb3f01ee17
Stack Trace:
#0 /home/bitchtwn/public_html/cakephp/vendor/cakephp/cakephp/src/Error/BaseErrorHandler.php(92): Cake\Error\BaseErrorHandler->handleFatalError(1, 'Call to a membe...', '/home/bitchtwn/...', 81)
#1 [internal function]: Cake\Error\BaseErrorHandler->Cake\Error\{closure}()
#2 {main}


2015-12-12 16:54:50 Error: Fatal Error (1): Call to a member function connect() on a non-object in [/home/bitchtwn/public_html/cakephp/config/routes.php, line 81]
Trace:
Cake\Error\BaseErrorHandler::handleFatalError() - CORE/src/Error/BaseErrorHandler.php, line 209
Cake\Error\BaseErrorHandler::Cake\Error\{closure}() - CORE/src/Error/BaseErrorHandler.php, line 92
[main] - [internal], line ??



2015-12-12 16:54:50 Error: [Cake\Error\FatalErrorException] Call to a member function connect() on a non-object
Request URL: /cakephp/debug_kit/toolbar/835d26cd-ef90-4e8c-a7ca-577c3256ef59
Stack Trace:
#0 /home/bitchtwn/public_html/cakephp/vendor/cakephp/cakephp/src/Error/BaseErrorHandler.php(92): Cake\Error\BaseErrorHandler->handleFatalError(1, 'Call to a membe...', '/home/bitchtwn/...', 81)
#1 [internal function]: Cake\Error\BaseErrorHandler->Cake\Error\{closure}()
#2 {main}


2015-12-12 16:54:52 Error: Fatal Error (1): Call to a member function connect() on a non-object in [/home/bitchtwn/public_html/cakephp/config/routes.php, line 81]
Trace:
Cake\Error\BaseErrorHandler::handleFatalError() - CORE/src/Error/BaseErrorHandler.php, line 209
Cake\Error\BaseErrorHandler::Cake\Error\{closure}() - CORE/src/Error/BaseErrorHandler.php, line 92
[main] - [internal], line ??



2015-12-12 16:54:52 Error: [Cake\Error\FatalErrorException] Call to a member function connect() on a non-object
Request URL: /cakephp/debug_kit/toolbar/80418c7e-475d-4ffc-8b0c-f49751f2fed8
Stack Trace:
#0 /home/bitchtwn/public_html/cakephp/vendor/cakephp/cakephp/src/Error/BaseErrorHandler.php(92): Cake\Error\BaseErrorHandler->handleFatalError(1, 'Call to a membe...', '/home/bitchtwn/...', 81)
#1 [internal function]: Cake\Error\BaseErrorHandler->Cake\Error\{closure}()
#2 {main}


2015-12-12 16:54:53 Error: Fatal Error (1): Call to a member function connect() on a non-object in [/home/bitchtwn/public_html/cakephp/config/routes.php, line 81]
Trace:
Cake\Error\BaseErrorHandler::handleFatalError() - CORE/src/Error/BaseErrorHandler.php, line 209
Cake\Error\BaseErrorHandler::Cake\Error\{closure}() - CORE/src/Error/BaseErrorHandler.php, line 92
[main] - [internal], line ??



2015-12-12 16:54:53 Error: [Cake\Error\FatalErrorException] Call to a member function connect() on a non-object
Request URL: /cakephp/debug_kit/toolbar/10f9a938-c998-420b-b91f-b23ab58e53da
Stack Trace:
#0 /home/bitchtwn/public_html/cakephp/vendor/cakephp/cakephp/src/Error/BaseErrorHandler.php(92): Cake\Error\BaseErrorHandler->handleFatalError(1, 'Call to a membe...', '/home/bitchtwn/...', 81)
#1 [internal function]: Cake\Error\BaseErrorHandler->Cake\Error\{closure}()
#2 {main}


2015-12-12 16:54:56 Error: Fatal Error (1): Call to a member function connect() on a non-object in [/home/bitchtwn/public_html/cakephp/config/routes.php, line 81]
Trace:
Cake\Error\BaseErrorHandler::handleFatalError() - CORE/src/Error/BaseErrorHandler.php, line 209
Cake\Error\BaseErrorHandler::Cake\Error\{closure}() - CORE/src/Error/BaseErrorHandler.php, line 92
[main] - [internal], line ??



2015-12-12 16:54:56 Error: [Cake\Error\FatalErrorException] Call to a member function connect() on a non-object
Request URL: /cakephp/debug_kit/toolbar/c9303982-7ab2-4e4d-a928-8f89bbe17069
Stack Trace:
#0 /home/bitchtwn/public_html/cakephp/vendor/cakephp/cakephp/src/Error/BaseErrorHandler.php(92): Cake\Error\BaseErrorHandler->handleFatalError(1, 'Call to a membe...', '/home/bitchtwn/...', 81)
#1 [internal function]: Cake\Error\BaseErrorHandler->Cake\Error\{closure}()
#2 {main}


2015-12-12 16:54:58 Error: Fatal Error (1): Call to a member function connect() on a non-object in [/home/bitchtwn/public_html/cakephp/config/routes.php, line 81]
Trace:
Cake\Error\BaseErrorHandler::handleFatalError() - CORE/src/Error/BaseErrorHandler.php, line 209
Cake\Error\BaseErrorHandler::Cake\Error\{closure}() - CORE/src/Error/BaseErrorHandler.php, line 92
[main] - [internal], line ??



2015-12-12 16:54:58 Error: [Cake\Error\FatalErrorException] Call to a member function connect() on a non-object
Request URL: /cakephp/debug_kit/toolbar/85c943f9-bfd3-4ad0-bf1c-7d67d6c5300a
Stack Trace:
#0 /home/bitchtwn/public_html/cakephp/vendor/cakephp/cakephp/src/Error/BaseErrorHandler.php(92): Cake\Error\BaseErrorHandler->handleFatalError(1, 'Call to a membe...', '/home/bitchtwn/...', 81)
#1 [internal function]: Cake\Error\BaseErrorHandler->Cake\Error\{closure}()
#2 {main}


2015-12-12 16:56:47 Error: Fatal Error (1): Call to a member function connect() on a non-object in [/home/bitchtwn/public_html/cakephp/config/routes.php, line 81]
Trace:
Cake\Error\BaseErrorHandler::handleFatalError() - CORE/src/Error/BaseErrorHandler.php, line 209
Cake\Error\BaseErrorHandler::Cake\Error\{closure}() - CORE/src/Error/BaseErrorHandler.php, line 92
[main] - [internal], line ??



2015-12-12 16:56:47 Error: [Cake\Error\FatalErrorException] Call to a member function connect() on a non-object
Request URL: /cakephp/articles
Stack Trace:
#0 /home/bitchtwn/public_html/cakephp/vendor/cakephp/cakephp/src/Error/BaseErrorHandler.php(92): Cake\Error\BaseErrorHandler->handleFatalError(1, 'Call to a membe...', '/home/bitchtwn/...', 81)
#1 [internal function]: Cake\Error\BaseErrorHandler->Cake\Error\{closure}()
#2 {main}


2015-12-12 16:56:50 Error: Fatal Error (1): Call to a member function connect() on a non-object in [/home/bitchtwn/public_html/cakephp/config/routes.php, line 81]
Trace:
Cake\Error\BaseErrorHandler::handleFatalError() - CORE/src/Error/BaseErrorHandler.php, line 209
Cake\Error\BaseErrorHandler::Cake\Error\{closure}() - CORE/src/Error/BaseErrorHandler.php, line 92
[main] - [internal], line ??



2015-12-12 16:56:50 Error: [Cake\Error\FatalErrorException] Call to a member function connect() on a non-object
Request URL: /cakephp/debug_kit/toolbar/8a8cddec-2430-4814-83b3-5af3ae0b0f95
Stack Trace:
#0 /home/bitchtwn/public_html/cakephp/vendor/cakephp/cakephp/src/Error/BaseErrorHandler.php(92): Cake\Error\BaseErrorHandler->handleFatalError(1, 'Call to a membe...', '/home/bitchtwn/...', 81)
#1 [internal function]: Cake\Error\BaseErrorHandler->Cake\Error\{closure}()
#2 {main}


2015-12-12 16:56:52 Error: Fatal Error (1): Call to a member function connect() on a non-object in [/home/bitchtwn/public_html/cakephp/config/routes.php, line 81]
Trace:
Cake\Error\BaseErrorHandler::handleFatalError() - CORE/src/Error/BaseErrorHandler.php, line 209
Cake\Error\BaseErrorHandler::Cake\Error\{closure}() - CORE/src/Error/BaseErrorHandler.php, line 92
[main] - [internal], line ??



2015-12-12 16:56:52 Error: [Cake\Error\FatalErrorException] Call to a member function connect() on a non-object
Request URL: /cakephp/debug_kit/toolbar/8909148a-071e-42b4-b28d-d6db4788b164
Stack Trace:
#0 /home/bitchtwn/public_html/cakephp/vendor/cakephp/cakephp/src/Error/BaseErrorHandler.php(92): Cake\Error\BaseErrorHandler->handleFatalError(1, 'Call to a membe...', '/home/bitchtwn/...', 81)
#1 [internal function]: Cake\Error\BaseErrorHandler->Cake\Error\{closure}()
#2 {main}


2015-12-12 16:56:53 Error: Fatal Error (1): Call to a member function connect() on a non-object in [/home/bitchtwn/public_html/cakephp/config/routes.php, line 81]
Trace:
Cake\Error\BaseErrorHandler::handleFatalError() - CORE/src/Error/BaseErrorHandler.php, line 209
Cake\Error\BaseErrorHandler::Cake\Error\{closure}() - CORE/src/Error/BaseErrorHandler.php, line 92
[main] - [internal], line ??



2015-12-12 16:56:53 Error: [Cake\Error\FatalErrorException] Call to a member function connect() on a non-object
Request URL: /cakephp/debug_kit/toolbar/b542a901-b1e6-4614-908a-fb5ecf366164
Stack Trace:
#0 /home/bitchtwn/public_html/cakephp/vendor/cakephp/cakephp/src/Error/BaseErrorHandler.php(92): Cake\Error\BaseErrorHandler->handleFatalError(1, 'Call to a membe...', '/home/bitchtwn/...', 81)
#1 [internal function]: Cake\Error\BaseErrorHandler->Cake\Error\{closure}()
#2 {main}


2015-12-12 16:56:55 Error: Fatal Error (1): Call to a member function connect() on a non-object in [/home/bitchtwn/public_html/cakephp/config/routes.php, line 81]
Trace:
Cake\Error\BaseErrorHandler::handleFatalError() - CORE/src/Error/BaseErrorHandler.php, line 209
Cake\Error\BaseErrorHandler::Cake\Error\{closure}() - CORE/src/Error/BaseErrorHandler.php, line 92
[main] - [internal], line ??



2015-12-12 16:56:55 Error: [Cake\Error\FatalErrorException] Call to a member function connect() on a non-object
Request URL: /cakephp/debug_kit/toolbar/f288b701-07b5-4fba-8a46-a41e28b276de
Stack Trace:
#0 /home/bitchtwn/public_html/cakephp/vendor/cakephp/cakephp/src/Error/BaseErrorHandler.php(92): Cake\Error\BaseErrorHandler->handleFatalError(1, 'Call to a membe...', '/home/bitchtwn/...', 81)
#1 [internal function]: Cake\Error\BaseErrorHandler->Cake\Error\{closure}()
#2 {main}


2015-12-12 16:56:57 Error: Fatal Error (1): Call to a member function connect() on a non-object in [/home/bitchtwn/public_html/cakephp/config/routes.php, line 81]
Trace:
Cake\Error\BaseErrorHandler::handleFatalError() - CORE/src/Error/BaseErrorHandler.php, line 209
Cake\Error\BaseErrorHandler::Cake\Error\{closure}() - CORE/src/Error/BaseErrorHandler.php, line 92
[main] - [internal], line ??



2015-12-12 16:56:57 Error: [Cake\Error\FatalErrorException] Call to a member function connect() on a non-object
Request URL: /cakephp/debug_kit/toolbar/740aa53d-6a8a-47db-9234-6b913f040393
Stack Trace:
#0 /home/bitchtwn/public_html/cakephp/vendor/cakephp/cakephp/src/Error/BaseErrorHandler.php(92): Cake\Error\BaseErrorHandler->handleFatalError(1, 'Call to a membe...', '/home/bitchtwn/...', 81)
#1 [internal function]: Cake\Error\BaseErrorHandler->Cake\Error\{closure}()
#2 {main}


2015-12-12 16:56:59 Error: Fatal Error (1): Call to a member function connect() on a non-object in [/home/bitchtwn/public_html/cakephp/config/routes.php, line 81]
Trace:
Cake\Error\BaseErrorHandler::handleFatalError() - CORE/src/Error/BaseErrorHandler.php, line 209
Cake\Error\BaseErrorHandler::Cake\Error\{closure}() - CORE/src/Error/BaseErrorHandler.php, line 92
[main] - [internal], line ??



2015-12-12 16:56:59 Error: [Cake\Error\FatalErrorException] Call to a member function connect() on a non-object
Request URL: /cakephp/debug_kit/toolbar/14336997-a1d2-428b-bb3e-f02702998935
Stack Trace:
#0 /home/bitchtwn/public_html/cakephp/vendor/cakephp/cakephp/src/Error/BaseErrorHandler.php(92): Cake\Error\BaseErrorHandler->handleFatalError(1, 'Call to a membe...', '/home/bitchtwn/...', 81)
#1 [internal function]: Cake\Error\BaseErrorHandler->Cake\Error\{closure}()
#2 {main}


2015-12-12 16:57:00 Error: Fatal Error (1): Call to a member function connect() on a non-object in [/home/bitchtwn/public_html/cakephp/config/routes.php, line 81]
Trace:
Cake\Error\BaseErrorHandler::handleFatalError() - CORE/src/Error/BaseErrorHandler.php, line 209
Cake\Error\BaseErrorHandler::Cake\Error\{closure}() - CORE/src/Error/BaseErrorHandler.php, line 92
[main] - [internal], line ??



2015-12-12 16:57:00 Error: [Cake\Error\FatalErrorException] Call to a member function connect() on a non-object
Request URL: /cakephp/debug_kit/toolbar/3efcd522-ae8d-4496-bc23-3dcd1962f2d5
Stack Trace:
#0 /home/bitchtwn/public_html/cakephp/vendor/cakephp/cakephp/src/Error/BaseErrorHandler.php(92): Cake\Error\BaseErrorHandler->handleFatalError(1, 'Call to a membe...', '/home/bitchtwn/...', 81)
#1 [internal function]: Cake\Error\BaseErrorHandler->Cake\Error\{closure}()
#2 {main}


2015-12-12 16:57:02 Error: Fatal Error (1): Call to a member function connect() on a non-object in [/home/bitchtwn/public_html/cakephp/config/routes.php, line 81]
Trace:
Cake\Error\BaseErrorHandler::handleFatalError() - CORE/src/Error/BaseErrorHandler.php, line 209
Cake\Error\BaseErrorHandler::Cake\Error\{closure}() - CORE/src/Error/BaseErrorHandler.php, line 92
[main] - [internal], line ??



2015-12-12 16:57:02 Error: [Cake\Error\FatalErrorException] Call to a member function connect() on a non-object
Request URL: /cakephp/debug_kit/toolbar/364d29c9-40ee-4a76-907e-d86fb505f19d
Stack Trace:
#0 /home/bitchtwn/public_html/cakephp/vendor/cakephp/cakephp/src/Error/BaseErrorHandler.php(92): Cake\Error\BaseErrorHandler->handleFatalError(1, 'Call to a membe...', '/home/bitchtwn/...', 81)
#1 [internal function]: Cake\Error\BaseErrorHandler->Cake\Error\{closure}()
#2 {main}


2015-12-12 16:57:03 Error: Fatal Error (1): Call to a member function connect() on a non-object in [/home/bitchtwn/public_html/cakephp/config/routes.php, line 81]
Trace:
Cake\Error\BaseErrorHandler::handleFatalError() - CORE/src/Error/BaseErrorHandler.php, line 209
Cake\Error\BaseErrorHandler::Cake\Error\{closure}() - CORE/src/Error/BaseErrorHandler.php, line 92
[main] - [internal], line ??



2015-12-12 16:57:04 Error: [Cake\Error\FatalErrorException] Call to a member function connect() on a non-object
Request URL: /cakephp/debug_kit/toolbar/93e54764-06a2-4a70-94e4-63212fe81449
Stack Trace:
#0 /home/bitchtwn/public_html/cakephp/vendor/cakephp/cakephp/src/Error/BaseErrorHandler.php(92): Cake\Error\BaseErrorHandler->handleFatalError(1, 'Call to a membe...', '/home/bitchtwn/...', 81)
#1 [internal function]: Cake\Error\BaseErrorHandler->Cake\Error\{closure}()
#2 {main}


2015-12-12 16:57:17 Error: Fatal Error (1): Call to a member function connect() on a non-object in [/home/bitchtwn/public_html/cakephp/config/routes.php, line 81]
Trace:
Cake\Error\BaseErrorHandler::handleFatalError() - CORE/src/Error/BaseErrorHandler.php, line 209
Cake\Error\BaseErrorHandler::Cake\Error\{closure}() - CORE/src/Error/BaseErrorHandler.php, line 92
[main] - [internal], line ??



2015-12-12 16:57:17 Error: [Cake\Error\FatalErrorException] Call to a member function connect() on a non-object
Request URL: /cakephp/articles
Stack Trace:
#0 /home/bitchtwn/public_html/cakephp/vendor/cakephp/cakephp/src/Error/BaseErrorHandler.php(92): Cake\Error\BaseErrorHandler->handleFatalError(1, 'Call to a membe...', '/home/bitchtwn/...', 81)
#1 [internal function]: Cake\Error\BaseErrorHandler->Cake\Error\{closure}()
#2 {main}


2015-12-12 17:00:17 Error: Fatal Error (1): Call to a member function connect() on a non-object in [/home/bitchtwn/public_html/cakephp/config/routes.php, line 81]
Trace:
Cake\Error\BaseErrorHandler::handleFatalError() - CORE/src/Error/BaseErrorHandler.php, line 209
Cake\Error\BaseErrorHandler::Cake\Error\{closure}() - CORE/src/Error/BaseErrorHandler.php, line 92
[main] - [internal], line ??



2015-12-12 17:00:17 Error: [Cake\Error\FatalErrorException] Call to a member function connect() on a non-object
Request URL: /cakephp/articles
Stack Trace:
#0 /home/bitchtwn/public_html/cakephp/vendor/cakephp/cakephp/src/Error/BaseErrorHandler.php(92): Cake\Error\BaseErrorHandler->handleFatalError(1, 'Call to a membe...', '/home/bitchtwn/...', 81)
#1 [internal function]: Cake\Error\BaseErrorHandler->Cake\Error\{closure}()
#2 {main}


2015-12-12 17:00:33 Error: Fatal Error (1): Call to a member function connect() on a non-object in [/home/bitchtwn/public_html/cakephp/config/routes.php, line 81]
Trace:
Cake\Error\BaseErrorHandler::handleFatalError() - CORE/src/Error/BaseErrorHandler.php, line 209
Cake\Error\BaseErrorHandler::Cake\Error\{closure}() - CORE/src/Error/BaseErrorHandler.php, line 92
[main] - [internal], line ??



2015-12-12 17:00:34 Error: [Cake\Error\FatalErrorException] Call to a member function connect() on a non-object
Request URL: /cakephp/debug_kit/toolbar/72b6effb-6a4f-436f-8094-c9d3218bea97
Stack Trace:
#0 /home/bitchtwn/public_html/cakephp/vendor/cakephp/cakephp/src/Error/BaseErrorHandler.php(92): Cake\Error\BaseErrorHandler->handleFatalError(1, 'Call to a membe...', '/home/bitchtwn/...', 81)
#1 [internal function]: Cake\Error\BaseErrorHandler->Cake\Error\{closure}()
#2 {main}


2015-12-12 17:00:35 Error: Fatal Error (1): Call to a member function connect() on a non-object in [/home/bitchtwn/public_html/cakephp/config/routes.php, line 81]
Trace:
Cake\Error\BaseErrorHandler::handleFatalError() - CORE/src/Error/BaseErrorHandler.php, line 209
Cake\Error\BaseErrorHandler::Cake\Error\{closure}() - CORE/src/Error/BaseErrorHandler.php, line 92
[main] - [internal], line ??



2015-12-12 17:00:35 Error: [Cake\Error\FatalErrorException] Call to a member function connect() on a non-object
Request URL: /cakephp/debug_kit/toolbar/bb17caf0-c358-471f-9cd0-0e0fdf74f39a
Stack Trace:
#0 /home/bitchtwn/public_html/cakephp/vendor/cakephp/cakephp/src/Error/BaseErrorHandler.php(92): Cake\Error\BaseErrorHandler->handleFatalError(1, 'Call to a membe...', '/home/bitchtwn/...', 81)
#1 [internal function]: Cake\Error\BaseErrorHandler->Cake\Error\{closure}()
#2 {main}


2015-12-12 17:00:36 Error: Fatal Error (1): Call to a member function connect() on a non-object in [/home/bitchtwn/public_html/cakephp/config/routes.php, line 81]
Trace:
Cake\Error\BaseErrorHandler::handleFatalError() - CORE/src/Error/BaseErrorHandler.php, line 209
Cake\Error\BaseErrorHandler::Cake\Error\{closure}() - CORE/src/Error/BaseErrorHandler.php, line 92
[main] - [internal], line ??



2015-12-12 17:00:36 Error: [Cake\Error\FatalErrorException] Call to a member function connect() on a non-object
Request URL: /cakephp/debug_kit/toolbar/5abd41da-6441-4d98-baab-382bd5c88154
Stack Trace:
#0 /home/bitchtwn/public_html/cakephp/vendor/cakephp/cakephp/src/Error/BaseErrorHandler.php(92): Cake\Error\BaseErrorHandler->handleFatalError(1, 'Call to a membe...', '/home/bitchtwn/...', 81)
#1 [internal function]: Cake\Error\BaseErrorHandler->Cake\Error\{closure}()
#2 {main}


2015-12-12 17:00:37 Error: Fatal Error (1): Call to a member function connect() on a non-object in [/home/bitchtwn/public_html/cakephp/config/routes.php, line 81]
Trace:
Cake\Error\BaseErrorHandler::handleFatalError() - CORE/src/Error/BaseErrorHandler.php, line 209
Cake\Error\BaseErrorHandler::Cake\Error\{closure}() - CORE/src/Error/BaseErrorHandler.php, line 92
[main] - [internal], line ??



2015-12-12 17:00:37 Error: [Cake\Error\FatalErrorException] Call to a member function connect() on a non-object
Request URL: /cakephp/debug_kit/toolbar/6acfef7e-9514-4764-8ec3-cc39150de60b
Stack Trace:
#0 /home/bitchtwn/public_html/cakephp/vendor/cakephp/cakephp/src/Error/BaseErrorHandler.php(92): Cake\Error\BaseErrorHandler->handleFatalError(1, 'Call to a membe...', '/home/bitchtwn/...', 81)
#1 [internal function]: Cake\Error\BaseErrorHandler->Cake\Error\{closure}()
#2 {main}


2015-12-12 17:00:40 Error: Fatal Error (1): Call to a member function connect() on a non-object in [/home/bitchtwn/public_html/cakephp/config/routes.php, line 81]
Trace:
Cake\Error\BaseErrorHandler::handleFatalError() - CORE/src/Error/BaseErrorHandler.php, line 209
Cake\Error\BaseErrorHandler::Cake\Error\{closure}() - CORE/src/Error/BaseErrorHandler.php, line 92
[main] - [internal], line ??



2015-12-12 17:00:40 Error: [Cake\Error\FatalErrorException] Call to a member function connect() on a non-object
Request URL: /cakephp/debug_kit/toolbar/b9ee160f-95a2-46d9-bac5-2ef13ce60865
Stack Trace:
#0 /home/bitchtwn/public_html/cakephp/vendor/cakephp/cakephp/src/Error/BaseErrorHandler.php(92): Cake\Error\BaseErrorHandler->handleFatalError(1, 'Call to a membe...', '/home/bitchtwn/...', 81)
#1 [internal function]: Cake\Error\BaseErrorHandler->Cake\Error\{closure}()
#2 {main}


2015-12-12 17:00:42 Error: Fatal Error (1): Call to a member function connect() on a non-object in [/home/bitchtwn/public_html/cakephp/config/routes.php, line 81]
Trace:
Cake\Error\BaseErrorHandler::handleFatalError() - CORE/src/Error/BaseErrorHandler.php, line 209
Cake\Error\BaseErrorHandler::Cake\Error\{closure}() - CORE/src/Error/BaseErrorHandler.php, line 92
[main] - [internal], line ??



2015-12-12 17:00:42 Error: [Cake\Error\FatalErrorException] Call to a member function connect() on a non-object
Request URL: /cakephp/debug_kit/toolbar/82a9f1bd-a37b-4625-a0b4-2fbe7f1e1df9
Stack Trace:
#0 /home/bitchtwn/public_html/cakephp/vendor/cakephp/cakephp/src/Error/BaseErrorHandler.php(92): Cake\Error\BaseErrorHandler->handleFatalError(1, 'Call to a membe...', '/home/bitchtwn/...', 81)
#1 [internal function]: Cake\Error\BaseErrorHandler->Cake\Error\{closure}()
#2 {main}


2015-12-12 17:00:46 Error: Fatal Error (1): Call to a member function connect() on a non-object in [/home/bitchtwn/public_html/cakephp/config/routes.php, line 81]
Trace:
Cake\Error\BaseErrorHandler::handleFatalError() - CORE/src/Error/BaseErrorHandler.php, line 209
Cake\Error\BaseErrorHandler::Cake\Error\{closure}() - CORE/src/Error/BaseErrorHandler.php, line 92
[main] - [internal], line ??



2015-12-12 17:00:46 Error: [Cake\Error\FatalErrorException] Call to a member function connect() on a non-object
Request URL: /cakephp/debug_kit/toolbar/27948a0b-e9ca-4459-8e68-3f55ba587600
Stack Trace:
#0 /home/bitchtwn/public_html/cakephp/vendor/cakephp/cakephp/src/Error/BaseErrorHandler.php(92): Cake\Error\BaseErrorHandler->handleFatalError(1, 'Call to a membe...', '/home/bitchtwn/...', 81)
#1 [internal function]: Cake\Error\BaseErrorHandler->Cake\Error\{closure}()
#2 {main}


2015-12-12 17:00:51 Error: Fatal Error (1): Call to a member function connect() on a non-object in [/home/bitchtwn/public_html/cakephp/config/routes.php, line 81]
Trace:
Cake\Error\BaseErrorHandler::handleFatalError() - CORE/src/Error/BaseErrorHandler.php, line 209
Cake\Error\BaseErrorHandler::Cake\Error\{closure}() - CORE/src/Error/BaseErrorHandler.php, line 92
[main] - [internal], line ??



2015-12-12 17:00:53 Error: [Cake\Error\FatalErrorException] Call to a member function connect() on a non-object
Request URL: /cakephp/debug_kit/toolbar/c2cb62a7-0af7-41b5-ba94-313be2452410
Stack Trace:
#0 /home/bitchtwn/public_html/cakephp/vendor/cakephp/cakephp/src/Error/BaseErrorHandler.php(92): Cake\Error\BaseErrorHandler->handleFatalError(1, 'Call to a membe...', '/home/bitchtwn/...', 81)
#1 [internal function]: Cake\Error\BaseErrorHandler->Cake\Error\{closure}()
#2 {main}


2015-12-12 17:00:58 Error: Fatal Error (1): Call to a member function connect() on a non-object in [/home/bitchtwn/public_html/cakephp/config/routes.php, line 81]
Trace:
Cake\Error\BaseErrorHandler::handleFatalError() - CORE/src/Error/BaseErrorHandler.php, line 209
Cake\Error\BaseErrorHandler::Cake\Error\{closure}() - CORE/src/Error/BaseErrorHandler.php, line 92
[main] - [internal], line ??



2015-12-12 17:00:58 Error: [Cake\Error\FatalErrorException] Call to a member function connect() on a non-object
Request URL: /cakephp/debug_kit/toolbar/3cc8deaf-e125-4387-9578-720bdc2b8e9d
Stack Trace:
#0 /home/bitchtwn/public_html/cakephp/vendor/cakephp/cakephp/src/Error/BaseErrorHandler.php(92): Cake\Error\BaseErrorHandler->handleFatalError(1, 'Call to a membe...', '/home/bitchtwn/...', 81)
#1 [internal function]: Cake\Error\BaseErrorHandler->Cake\Error\{closure}()
#2 {main}


2015-12-12 17:03:26 Error: Fatal Error (1): Call to a member function connect() on a non-object in [/home/bitchtwn/public_html/cakephp/config/routes.php, line 81]
Trace:
Cake\Error\BaseErrorHandler::handleFatalError() - CORE/src/Error/BaseErrorHandler.php, line 209
Cake\Error\BaseErrorHandler::Cake\Error\{closure}() - CORE/src/Error/BaseErrorHandler.php, line 92
[main] - [internal], line ??



2015-12-12 17:03:26 Error: [Cake\Error\FatalErrorException] Call to a member function connect() on a non-object
Request URL: /cakephp/articles
Stack Trace:
#0 /home/bitchtwn/public_html/cakephp/vendor/cakephp/cakephp/src/Error/BaseErrorHandler.php(92): Cake\Error\BaseErrorHandler->handleFatalError(1, 'Call to a membe...', '/home/bitchtwn/...', 81)
#1 [internal function]: Cake\Error\BaseErrorHandler->Cake\Error\{closure}()
#2 {main}


2015-12-12 17:28:39 Error: [Cake\Controller\Exception\MissingActionException] Action ArticlesController::view() could not be found, or is not accessible.
Exception Attributes: array (
  'controller' => 'ArticlesController',
  'action' => 'view',
  'prefix' => '',
  'plugin' => NULL,
)
Request URL: /cakephp/articles/view/1
Stack Trace:
#0 /home/bitchtwn/public_html/cakephp/vendor/cakephp/cakephp/src/Routing/Dispatcher.php(114): Cake\Controller\Controller->invokeAction()
#1 /home/bitchtwn/public_html/cakephp/vendor/cakephp/cakephp/src/Routing/Dispatcher.php(87): Cake\Routing\Dispatcher->_invoke(Object(App\Controller\ArticlesController))
#2 /home/bitchtwn/public_html/cakephp/webroot/index.php(37): Cake\Routing\Dispatcher->dispatch(Object(Cake\Network\Request), Object(Cake\Network\Response))
#3 {main}


2015-12-12 18:38:12 Error: [Cake\Controller\Exception\MissingActionException] Action ArticlesController::view() could not be found, or is not accessible.
Exception Attributes: array (
  'controller' => 'ArticlesController',
  'action' => 'view',
  'prefix' => '',
  'plugin' => NULL,
)
Request URL: /cakephp/articles/view/1
Stack Trace:
#0 /home/bitchtwn/public_html/cakephp/vendor/cakephp/cakephp/src/Routing/Dispatcher.php(114): Cake\Controller\Controller->invokeAction()
#1 /home/bitchtwn/public_html/cakephp/vendor/cakephp/cakephp/src/Routing/Dispatcher.php(87): Cake\Routing\Dispatcher->_invoke(Object(App\Controller\ArticlesController))
#2 /home/bitchtwn/public_html/cakephp/webroot/index.php(37): Cake\Routing\Dispatcher->dispatch(Object(Cake\Network\Request), Object(Cake\Network\Response))
#3 {main}


2015-12-12 18:39:38 Error: [Cake\View\Exception\MissingTemplateException] Template file "Articles/view.ctp" is missing.
Exception Attributes: array (
  'file' => 'Articles/view.ctp',
)
Request URL: /cakephp/articles/view/1
Stack Trace:
#0 /home/bitchtwn/public_html/cakephp/vendor/cakephp/cakephp/src/View/View.php(576): Cake\View\View->_getViewFileName(NULL)
#1 /home/bitchtwn/public_html/cakephp/vendor/cakephp/cakephp/src/Controller/Controller.php(611): Cake\View\View->render(NULL, NULL)
#2 /home/bitchtwn/public_html/cakephp/vendor/cakephp/cakephp/src/Routing/Dispatcher.php(120): Cake\Controller\Controller->render()
#3 /home/bitchtwn/public_html/cakephp/vendor/cakephp/cakephp/src/Routing/Dispatcher.php(87): Cake\Routing\Dispatcher->_invoke(Object(App\Controller\ArticlesController))
#4 /home/bitchtwn/public_html/cakephp/webroot/index.php(37): Cake\Routing\Dispatcher->dispatch(Object(Cake\Network\Request), Object(Cake\Network\Response))
#5 {main}


2015-12-12 18:42:34 Error: [Cake\View\Exception\MissingTemplateException] Template file "Articles/add.ctp" is missing.
Exception Attributes: array (
  'file' => 'Articles/add.ctp',
)
Request URL: /cakephp/articles/add
Stack Trace:
#0 /home/bitchtwn/public_html/cakephp/vendor/cakephp/cakephp/src/View/View.php(576): Cake\View\View->_getViewFileName(NULL)
#1 /home/bitchtwn/public_html/cakephp/vendor/cakephp/cakephp/src/Controller/Controller.php(611): Cake\View\View->render(NULL, NULL)
#2 /home/bitchtwn/public_html/cakephp/vendor/cakephp/cakephp/src/Routing/Dispatcher.php(120): Cake\Controller\Controller->render()
#3 /home/bitchtwn/public_html/cakephp/vendor/cakephp/cakephp/src/Routing/Dispatcher.php(87): Cake\Routing\Dispatcher->_invoke(Object(App\Controller\ArticlesController))
#4 /home/bitchtwn/public_html/cakephp/webroot/index.php(37): Cake\Routing\Dispatcher->dispatch(Object(Cake\Network\Request), Object(Cake\Network\Response))
#5 {main}


2015-12-12 18:53:51 Error: [Cake\Routing\Exception\MissingControllerException] Controller class Neworder could not be found.
Exception Attributes: array (
  'class' => 'Neworder',
  'plugin' => NULL,
  'prefix' => NULL,
  '_ext' => NULL,
)
Request URL: /cakephp/neworder
Stack Trace:
#0 /home/bitchtwn/public_html/cakephp/webroot/index.php(37): Cake\Routing\Dispatcher->dispatch(Object(Cake\Network\Request), Object(Cake\Network\Response))
#1 {main}


2015-12-12 18:54:34 Error: [Cake\Routing\Exception\MissingControllerException] Controller class Neworder could not be found.
Exception Attributes: array (
  'class' => 'Neworder',
  'plugin' => NULL,
  'prefix' => NULL,
  '_ext' => NULL,
)
Request URL: /cakephp/neworder
Stack Trace:
#0 /home/bitchtwn/public_html/cakephp/webroot/index.php(37): Cake\Routing\Dispatcher->dispatch(Object(Cake\Network\Request), Object(Cake\Network\Response))
#1 {main}


2015-12-12 18:54:43 Error: [Cake\Routing\Exception\MissingControllerException] Controller class Orders could not be found.
Exception Attributes: array (
  'class' => 'Orders',
  'plugin' => NULL,
  'prefix' => NULL,
  '_ext' => NULL,
)
Request URL: /cakephp/orders
Stack Trace:
#0 /home/bitchtwn/public_html/cakephp/webroot/index.php(37): Cake\Routing\Dispatcher->dispatch(Object(Cake\Network\Request), Object(Cake\Network\Response))
#1 {main}


2015-12-12 18:55:07 Error: Fatal Error (1): Call to a member function newEntity() on a non-object in [/home/bitchtwn/public_html/cakephp/src/Controller/OrdersController.php, line 30]
Trace:
Cake\Error\BaseErrorHandler::handleFatalError() - CORE/src/Error/BaseErrorHandler.php, line 209
Cake\Error\BaseErrorHandler::Cake\Error\{closure}() - CORE/src/Error/BaseErrorHandler.php, line 92
[main] - [internal], line ??



2015-12-12 18:55:08 Error: [Cake\Error\FatalErrorException] Call to a member function newEntity() on a non-object
Request URL: /cakephp/orders
Stack Trace:
#0 /home/bitchtwn/public_html/cakephp/vendor/cakephp/cakephp/src/Error/BaseErrorHandler.php(92): Cake\Error\BaseErrorHandler->handleFatalError(1, 'Call to a membe...', '/home/bitchtwn/...', 30)
#1 [internal function]: Cake\Error\BaseErrorHandler->Cake\Error\{closure}()
#2 {main}


2015-12-12 18:56:06 Error: [Cake\View\Exception\MissingTemplateException] Template file "Orders/add.ctp" is missing.
Exception Attributes: array (
  'file' => 'Orders/add.ctp',
)
Request URL: /cakephp/orders
Stack Trace:
#0 /home/bitchtwn/public_html/cakephp/vendor/cakephp/cakephp/src/View/View.php(576): Cake\View\View->_getViewFileName(NULL)
#1 /home/bitchtwn/public_html/cakephp/vendor/cakephp/cakephp/src/Controller/Controller.php(611): Cake\View\View->render(NULL, NULL)
#2 /home/bitchtwn/public_html/cakephp/vendor/cakephp/cakephp/src/Routing/Dispatcher.php(120): Cake\Controller\Controller->render()
#3 /home/bitchtwn/public_html/cakephp/vendor/cakephp/cakephp/src/Routing/Dispatcher.php(87): Cake\Routing\Dispatcher->_invoke(Object(App\Controller\OrdersController))
#4 /home/bitchtwn/public_html/cakephp/webroot/index.php(37): Cake\Routing\Dispatcher->dispatch(Object(Cake\Network\Request), Object(Cake\Network\Response))
#5 {main}


2015-12-12 18:56:44 Error: [Cake\View\Exception\MissingTemplateException] Template file "Orders/add.ctp" is missing.
Exception Attributes: array (
  'file' => 'Orders/add.ctp',
)
Request URL: /cakephp/orders
Stack Trace:
#0 /home/bitchtwn/public_html/cakephp/vendor/cakephp/cakephp/src/View/View.php(576): Cake\View\View->_getViewFileName(NULL)
#1 /home/bitchtwn/public_html/cakephp/vendor/cakephp/cakephp/src/Controller/Controller.php(611): Cake\View\View->render(NULL, NULL)
#2 /home/bitchtwn/public_html/cakephp/vendor/cakephp/cakephp/src/Routing/Dispatcher.php(120): Cake\Controller\Controller->render()
#3 /home/bitchtwn/public_html/cakephp/vendor/cakephp/cakephp/src/Routing/Dispatcher.php(87): Cake\Routing\Dispatcher->_invoke(Object(App\Controller\OrdersController))
#4 /home/bitchtwn/public_html/cakephp/webroot/index.php(37): Cake\Routing\Dispatcher->dispatch(Object(Cake\Network\Request), Object(Cake\Network\Response))
#5 {main}


2015-12-12 19:23:13 Error: [Cake\Controller\Exception\MissingActionException] Action UsersController::login() could not be found, or is not accessible.
Exception Attributes: array (
  'controller' => 'UsersController',
  'action' => 'login',
  'prefix' => '',
  'plugin' => NULL,
)
Request URL: /cakephp//users/login
Stack Trace:
#0 /home/bitchtwn/public_html/cakephp/vendor/cakephp/cakephp/src/Routing/Dispatcher.php(114): Cake\Controller\Controller->invokeAction()
#1 /home/bitchtwn/public_html/cakephp/vendor/cakephp/cakephp/src/Routing/Dispatcher.php(87): Cake\Routing\Dispatcher->_invoke(Object(App\Controller\UsersController))
#2 /home/bitchtwn/public_html/cakephp/webroot/index.php(37): Cake\Routing\Dispatcher->dispatch(Object(Cake\Network\Request), Object(Cake\Network\Response))
#3 {main}


2015-12-12 19:37:31 Error: [Cake\Routing\Exception\MissingControllerException] Controller class Admin could not be found.
Exception Attributes: array (
  'class' => 'Admin',
  'plugin' => NULL,
  'prefix' => NULL,
  '_ext' => NULL,
)
Request URL: /cakephp/admin
Stack Trace:
#0 /home/bitchtwn/public_html/cakephp/webroot/index.php(37): Cake\Routing\Dispatcher->dispatch(Object(Cake\Network\Request), Object(Cake\Network\Response))
#1 {main}


2015-12-12 19:39:18 Error: [Cake\Routing\Exception\MissingControllerException] Controller class Admin could not be found.
Exception Attributes: array (
  'class' => 'Admin',
  'plugin' => NULL,
  'prefix' => NULL,
  '_ext' => NULL,
)
Request URL: /cakephp/admin
Stack Trace:
#0 /home/bitchtwn/public_html/cakephp/webroot/index.php(37): Cake\Routing\Dispatcher->dispatch(Object(Cake\Network\Request), Object(Cake\Network\Response))
#1 {main}


2015-12-12 19:40:09 Error: [Cake\Routing\Exception\MissingControllerException] Controller class Admin could not be found.
Exception Attributes: array (
  'class' => 'Admin',
  'plugin' => NULL,
  'prefix' => NULL,
  '_ext' => NULL,
)
Request URL: /cakephp/admin
Stack Trace:
#0 /home/bitchtwn/public_html/cakephp/webroot/index.php(37): Cake\Routing\Dispatcher->dispatch(Object(Cake\Network\Request), Object(Cake\Network\Response))
#1 {main}


2015-12-13 04:03:40 Error: [Cake\Routing\Exception\MissingControllerException] Controller class Admin could not be found.
Exception Attributes: array (
  'class' => 'Admin',
  'plugin' => NULL,
  'prefix' => NULL,
  '_ext' => NULL,
)
Request URL: /cakephp/admin
Stack Trace:
#0 /home/bitchtwn/public_html/cakephp/webroot/index.php(37): Cake\Routing\Dispatcher->dispatch(Object(Cake\Network\Request), Object(Cake\Network\Response))
#1 {main}


2015-12-13 04:14:52 Error: [Cake\Routing\Exception\MissingControllerException] Controller class Admin could not be found.
Exception Attributes: array (
  'class' => 'Admin',
  'plugin' => NULL,
  'prefix' => NULL,
  '_ext' => NULL,
)
Request URL: /cakephp/admin
Stack Trace:
#0 /home/bitchtwn/public_html/cakephp/webroot/index.php(37): Cake\Routing\Dispatcher->dispatch(Object(Cake\Network\Request), Object(Cake\Network\Response))
#1 {main}


2015-12-13 05:06:26 Error: Fatal Error (1): Call to a member function format() on a non-object in [/home/bitchtwn/public_html/cakephp/src/Template/Orders/index.ctp, line 17]
Trace:
Cake\Error\BaseErrorHandler::handleFatalError() - CORE/src/Error/BaseErrorHandler.php, line 209
Cake\Error\BaseErrorHandler::Cake\Error\{closure}() - CORE/src/Error/BaseErrorHandler.php, line 92
[main] - [internal], line ??



2015-12-13 05:06:26 Error: [Cake\Error\FatalErrorException] Call to a member function format() on a non-object
Request URL: /cakephp/orders
Stack Trace:
#0 /home/bitchtwn/public_html/cakephp/vendor/cakephp/cakephp/src/Error/BaseErrorHandler.php(92): Cake\Error\BaseErrorHandler->handleFatalError(1, 'Call to a membe...', '/home/bitchtwn/...', 17)
#1 [internal function]: Cake\Error\BaseErrorHandler->Cake\Error\{closure}()
#2 {main}


2015-12-13 05:09:17 Error: Fatal Error (4): syntax error, unexpected '?>' in [/home/bitchtwn/public_html/cakephp/src/Template/Orders/index.ctp, line 14]
Trace:
Cake\Error\BaseErrorHandler::handleFatalError() - CORE/src/Error/BaseErrorHandler.php, line 209
Cake\Error\BaseErrorHandler::Cake\Error\{closure}() - CORE/src/Error/BaseErrorHandler.php, line 92
[main] - [internal], line ??



2015-12-13 05:09:17 Error: [Cake\Error\FatalErrorException] syntax error, unexpected '?>'
Request URL: /cakephp/orders
Stack Trace:
#0 /home/bitchtwn/public_html/cakephp/vendor/cakephp/cakephp/src/Error/BaseErrorHandler.php(92): Cake\Error\BaseErrorHandler->handleFatalError(4, 'syntax error, u...', '/home/bitchtwn/...', 14)
#1 [internal function]: Cake\Error\BaseErrorHandler->Cake\Error\{closure}()
#2 {main}


2015-12-13 05:20:08 Error: [Cake\Controller\Exception\MissingActionException] Action OrdersController::8() could not be found, or is not accessible.
Exception Attributes: array (
  'controller' => 'OrdersController',
  'action' => '8',
  'prefix' => '',
  'plugin' => NULL,
)
Request URL: /cakephp/orders/8
Stack Trace:
#0 /home/bitchtwn/public_html/cakephp/vendor/cakephp/cakephp/src/Routing/Dispatcher.php(114): Cake\Controller\Controller->invokeAction()
#1 /home/bitchtwn/public_html/cakephp/vendor/cakephp/cakephp/src/Routing/Dispatcher.php(87): Cake\Routing\Dispatcher->_invoke(Object(App\Controller\OrdersController))
#2 /home/bitchtwn/public_html/cakephp/webroot/index.php(37): Cake\Routing\Dispatcher->dispatch(Object(Cake\Network\Request), Object(Cake\Network\Response))
#3 {main}


2015-12-13 05:21:48 Error: [Cake\Controller\Exception\MissingActionException] Action OrdersController::8() could not be found, or is not accessible.
Exception Attributes: array (
  'controller' => 'OrdersController',
  'action' => '8',
  'prefix' => '',
  'plugin' => NULL,
)
Request URL: /cakephp/orders/8
Stack Trace:
#0 /home/bitchtwn/public_html/cakephp/vendor/cakephp/cakephp/src/Routing/Dispatcher.php(114): Cake\Controller\Controller->invokeAction()
#1 /home/bitchtwn/public_html/cakephp/vendor/cakephp/cakephp/src/Routing/Dispatcher.php(87): Cake\Routing\Dispatcher->_invoke(Object(App\Controller\OrdersController))
#2 /home/bitchtwn/public_html/cakephp/webroot/index.php(37): Cake\Routing\Dispatcher->dispatch(Object(Cake\Network\Request), Object(Cake\Network\Response))
#3 {main}


2015-12-13 05:21:54 Error: [Cake\Routing\Exception\MissingControllerException] Controller class Order could not be found.
Exception Attributes: array (
  'class' => 'Order',
  'plugin' => NULL,
  'prefix' => NULL,
  '_ext' => NULL,
)
Request URL: /cakephp/order/8
Stack Trace:
#0 /home/bitchtwn/public_html/cakephp/webroot/index.php(37): Cake\Routing\Dispatcher->dispatch(Object(Cake\Network\Request), Object(Cake\Network\Response))
#1 {main}


2015-12-13 05:22:38 Error: [Cake\Controller\Exception\MissingActionException] Action OrdersController::8() could not be found, or is not accessible.
Exception Attributes: array (
  'controller' => 'OrdersController',
  'action' => '8',
  'prefix' => '',
  'plugin' => NULL,
)
Request URL: /cakephp/orders/8
Stack Trace:
#0 /home/bitchtwn/public_html/cakephp/vendor/cakephp/cakephp/src/Routing/Dispatcher.php(114): Cake\Controller\Controller->invokeAction()
#1 /home/bitchtwn/public_html/cakephp/vendor/cakephp/cakephp/src/Routing/Dispatcher.php(87): Cake\Routing\Dispatcher->_invoke(Object(App\Controller\OrdersController))
#2 /home/bitchtwn/public_html/cakephp/webroot/index.php(37): Cake\Routing\Dispatcher->dispatch(Object(Cake\Network\Request), Object(Cake\Network\Response))
#3 {main}


2015-12-13 05:27:07 Error: [Cake\Routing\Exception\MissingControllerException] Controller class Order could not be found.
Exception Attributes: array (
  'class' => 'Order',
  'plugin' => NULL,
  'prefix' => NULL,
  '_ext' => NULL,
)
Request URL: /cakephp/order/8
Stack Trace:
#0 /home/bitchtwn/public_html/cakephp/webroot/index.php(37): Cake\Routing\Dispatcher->dispatch(Object(Cake\Network\Request), Object(Cake\Network\Response))
#1 {main}


2015-12-13 05:27:10 Error: [Cake\Routing\Exception\MissingControllerException] Controller class Order could not be found.
Exception Attributes: array (
  'class' => 'Order',
  'plugin' => NULL,
  'prefix' => NULL,
  '_ext' => NULL,
)
Request URL: /cakephp/order/8
Stack Trace:
#0 /home/bitchtwn/public_html/cakephp/webroot/index.php(37): Cake\Routing\Dispatcher->dispatch(Object(Cake\Network\Request), Object(Cake\Network\Response))
#1 {main}


2015-12-13 05:27:15 Error: [Cake\Controller\Exception\MissingActionException] Action OrdersController::8() could not be found, or is not accessible.
Exception Attributes: array (
  'controller' => 'OrdersController',
  'action' => '8',
  'prefix' => '',
  'plugin' => NULL,
)
Request URL: /cakephp/orders/8
Stack Trace:
#0 /home/bitchtwn/public_html/cakephp/vendor/cakephp/cakephp/src/Routing/Dispatcher.php(114): Cake\Controller\Controller->invokeAction()
#1 /home/bitchtwn/public_html/cakephp/vendor/cakephp/cakephp/src/Routing/Dispatcher.php(87): Cake\Routing\Dispatcher->_invoke(Object(App\Controller\OrdersController))
#2 /home/bitchtwn/public_html/cakephp/webroot/index.php(37): Cake\Routing\Dispatcher->dispatch(Object(Cake\Network\Request), Object(Cake\Network\Response))
#3 {main}


2015-12-13 05:27:33 Error: [Cake\View\Exception\MissingTemplateException] Template file "Orders/view.ctp" is missing.
Exception Attributes: array (
  'file' => 'Orders/view.ctp',
)
Request URL: /cakephp/orders/view/8
Stack Trace:
#0 /home/bitchtwn/public_html/cakephp/vendor/cakephp/cakephp/src/View/View.php(576): Cake\View\View->_getViewFileName(NULL)
#1 /home/bitchtwn/public_html/cakephp/vendor/cakephp/cakephp/src/Controller/Controller.php(611): Cake\View\View->render(NULL, NULL)
#2 /home/bitchtwn/public_html/cakephp/vendor/cakephp/cakephp/src/Routing/Dispatcher.php(120): Cake\Controller\Controller->render()
#3 /home/bitchtwn/public_html/cakephp/vendor/cakephp/cakephp/src/Routing/Dispatcher.php(87): Cake\Routing\Dispatcher->_invoke(Object(App\Controller\OrdersController))
#4 /home/bitchtwn/public_html/cakephp/webroot/index.php(37): Cake\Routing\Dispatcher->dispatch(Object(Cake\Network\Request), Object(Cake\Network\Response))
#5 {main}


2015-12-13 05:28:09 Error: [Cake\View\Exception\MissingTemplateException] Template file "Orders/view.ctp" is missing.
Exception Attributes: array (
  'file' => 'Orders/view.ctp',
)
Request URL: /cakephp/orders/view/8
Stack Trace:
#0 /home/bitchtwn/public_html/cakephp/vendor/cakephp/cakephp/src/View/View.php(576): Cake\View\View->_getViewFileName(NULL)
#1 /home/bitchtwn/public_html/cakephp/vendor/cakephp/cakephp/src/Controller/Controller.php(611): Cake\View\View->render(NULL, NULL)
#2 /home/bitchtwn/public_html/cakephp/vendor/cakephp/cakephp/src/Routing/Dispatcher.php(120): Cake\Controller\Controller->render()
#3 /home/bitchtwn/public_html/cakephp/vendor/cakephp/cakephp/src/Routing/Dispatcher.php(87): Cake\Routing\Dispatcher->_invoke(Object(App\Controller\OrdersController))
#4 /home/bitchtwn/public_html/cakephp/webroot/index.php(37): Cake\Routing\Dispatcher->dispatch(Object(Cake\Network\Request), Object(Cake\Network\Response))
#5 {main}


2015-12-13 05:28:17 Error: [Cake\View\Exception\MissingTemplateException] Template file "Orders/view.ctp" is missing.
Exception Attributes: array (
  'file' => 'Orders/view.ctp',
)
Request URL: /cakephp/orders/view/7
Stack Trace:
#0 /home/bitchtwn/public_html/cakephp/vendor/cakephp/cakephp/src/View/View.php(576): Cake\View\View->_getViewFileName(NULL)
#1 /home/bitchtwn/public_html/cakephp/vendor/cakephp/cakephp/src/Controller/Controller.php(611): Cake\View\View->render(NULL, NULL)
#2 /home/bitchtwn/public_html/cakephp/vendor/cakephp/cakephp/src/Routing/Dispatcher.php(120): Cake\Controller\Controller->render()
#3 /home/bitchtwn/public_html/cakephp/vendor/cakephp/cakephp/src/Routing/Dispatcher.php(87): Cake\Routing\Dispatcher->_invoke(Object(App\Controller\OrdersController))
#4 /home/bitchtwn/public_html/cakephp/webroot/index.php(37): Cake\Routing\Dispatcher->dispatch(Object(Cake\Network\Request), Object(Cake\Network\Response))
#5 {main}


2015-12-13 05:40:57 Error: [Cake\Controller\Exception\MissingActionException] Action OrdersController::delete() could not be found, or is not accessible.
Exception Attributes: array (
  'controller' => 'OrdersController',
  'action' => 'delete',
  'prefix' => '',
  'plugin' => NULL,
)
Request URL: /cakephp/orders/delete
Stack Trace:
#0 /home/bitchtwn/public_html/cakephp/vendor/cakephp/cakephp/src/Routing/Dispatcher.php(114): Cake\Controller\Controller->invokeAction()
#1 /home/bitchtwn/public_html/cakephp/vendor/cakephp/cakephp/src/Routing/Dispatcher.php(87): Cake\Routing\Dispatcher->_invoke(Object(App\Controller\OrdersController))
#2 /home/bitchtwn/public_html/cakephp/webroot/index.php(37): Cake\Routing\Dispatcher->dispatch(Object(Cake\Network\Request), Object(Cake\Network\Response))
#3 {main}


2015-12-13 05:53:57 Error: [Cake\Controller\Exception\MissingActionException] Action OrdersController::edit() could not be found, or is not accessible.
Exception Attributes: array (
  'controller' => 'OrdersController',
  'action' => 'edit',
  'prefix' => '',
  'plugin' => NULL,
)
Request URL: /cakephp/orders/edit/7
Stack Trace:
#0 /home/bitchtwn/public_html/cakephp/vendor/cakephp/cakephp/src/Routing/Dispatcher.php(114): Cake\Controller\Controller->invokeAction()
#1 /home/bitchtwn/public_html/cakephp/vendor/cakephp/cakephp/src/Routing/Dispatcher.php(87): Cake\Routing\Dispatcher->_invoke(Object(App\Controller\OrdersController))
#2 /home/bitchtwn/public_html/cakephp/webroot/index.php(37): Cake\Routing\Dispatcher->dispatch(Object(Cake\Network\Request), Object(Cake\Network\Response))
#3 {main}


2015-12-13 05:54:03 Error: [Cake\Controller\Exception\MissingActionException] Action OrdersController::delete() could not be found, or is not accessible.
Exception Attributes: array (
  'controller' => 'OrdersController',
  'action' => 'delete',
  'prefix' => '',
  'plugin' => NULL,
)
Request URL: /cakephp/orders/delete/7
Stack Trace:
#0 /home/bitchtwn/public_html/cakephp/vendor/cakephp/cakephp/src/Routing/Dispatcher.php(114): Cake\Controller\Controller->invokeAction()
#1 /home/bitchtwn/public_html/cakephp/vendor/cakephp/cakephp/src/Routing/Dispatcher.php(87): Cake\Routing\Dispatcher->_invoke(Object(App\Controller\OrdersController))
#2 /home/bitchtwn/public_html/cakephp/webroot/index.php(37): Cake\Routing\Dispatcher->dispatch(Object(Cake\Network\Request), Object(Cake\Network\Response))
#3 {main}


2015-12-13 05:59:39 Error: [Cake\Controller\Exception\MissingActionException] Action OrdersController::edit() could not be found, or is not accessible.
Exception Attributes: array (
  'controller' => 'OrdersController',
  'action' => 'edit',
  'prefix' => '',
  'plugin' => NULL,
)
Request URL: /cakephp/orders/edit/8
Stack Trace:
#0 /home/bitchtwn/public_html/cakephp/vendor/cakephp/cakephp/src/Routing/Dispatcher.php(114): Cake\Controller\Controller->invokeAction()
#1 /home/bitchtwn/public_html/cakephp/vendor/cakephp/cakephp/src/Routing/Dispatcher.php(87): Cake\Routing\Dispatcher->_invoke(Object(App\Controller\OrdersController))
#2 /home/bitchtwn/public_html/cakephp/webroot/index.php(37): Cake\Routing\Dispatcher->dispatch(Object(Cake\Network\Request), Object(Cake\Network\Response))
#3 {main}


2015-12-13 06:00:49 Error: [Cake\View\Exception\MissingTemplateException] Template file "Orders/edit.ctp" is missing.
Exception Attributes: array (
  'file' => 'Orders/edit.ctp',
)
Request URL: /cakephp/orders/edit/8
Stack Trace:
#0 /home/bitchtwn/public_html/cakephp/vendor/cakephp/cakephp/src/View/View.php(576): Cake\View\View->_getViewFileName(NULL)
#1 /home/bitchtwn/public_html/cakephp/vendor/cakephp/cakephp/src/Controller/Controller.php(611): Cake\View\View->render(NULL, NULL)
#2 /home/bitchtwn/public_html/cakephp/vendor/cakephp/cakephp/src/Routing/Dispatcher.php(120): Cake\Controller\Controller->render()
#3 /home/bitchtwn/public_html/cakephp/vendor/cakephp/cakephp/src/Routing/Dispatcher.php(87): Cake\Routing\Dispatcher->_invoke(Object(App\Controller\OrdersController))
#4 /home/bitchtwn/public_html/cakephp/webroot/index.php(37): Cake\Routing\Dispatcher->dispatch(Object(Cake\Network\Request), Object(Cake\Network\Response))
#5 {main}


2015-12-13 06:08:24 Error: [Cake\Controller\Exception\MissingActionException] Action OrdersController::update() could not be found, or is not accessible.
Exception Attributes: array (
  'controller' => 'OrdersController',
  'action' => 'update',
  'prefix' => '',
  'plugin' => NULL,
)
Request URL: /cakephp/orders/update/8
Stack Trace:
#0 /home/bitchtwn/public_html/cakephp/vendor/cakephp/cakephp/src/Routing/Dispatcher.php(114): Cake\Controller\Controller->invokeAction()
#1 /home/bitchtwn/public_html/cakephp/vendor/cakephp/cakephp/src/Routing/Dispatcher.php(87): Cake\Routing\Dispatcher->_invoke(Object(App\Controller\OrdersController))
#2 /home/bitchtwn/public_html/cakephp/webroot/index.php(37): Cake\Routing\Dispatcher->dispatch(Object(Cake\Network\Request), Object(Cake\Network\Response))
#3 {main}


2015-12-13 06:08:44 Error: Fatal Error (1): Call to a member function query() on a non-object in [/home/bitchtwn/public_html/cakephp/src/Controller/OrdersController.php, line 73]
Trace:
Cake\Error\BaseErrorHandler::handleFatalError() - CORE/src/Error/BaseErrorHandler.php, line 209
Cake\Error\BaseErrorHandler::Cake\Error\{closure}() - CORE/src/Error/BaseErrorHandler.php, line 92
[main] - [internal], line ??



2015-12-13 06:08:45 Error: [Cake\Error\FatalErrorException] Call to a member function query() on a non-object
Request URL: /cakephp/orders/update/8
Stack Trace:
#0 /home/bitchtwn/public_html/cakephp/vendor/cakephp/cakephp/src/Error/BaseErrorHandler.php(92): Cake\Error\BaseErrorHandler->handleFatalError(1, 'Call to a membe...', '/home/bitchtwn/...', 73)
#1 [internal function]: Cake\Error\BaseErrorHandler->Cake\Error\{closure}()
#2 {main}


2015-12-13 06:10:17 Error: Fatal Error (1): Call to a member function query() on a non-object in [/home/bitchtwn/public_html/cakephp/src/Controller/OrdersController.php, line 73]
Trace:
Cake\Error\BaseErrorHandler::handleFatalError() - CORE/src/Error/BaseErrorHandler.php, line 209
Cake\Error\BaseErrorHandler::Cake\Error\{closure}() - CORE/src/Error/BaseErrorHandler.php, line 92
[main] - [internal], line ??



2015-12-13 06:10:17 Error: [Cake\Error\FatalErrorException] Call to a member function query() on a non-object
Request URL: /cakephp/orders/update/8
Stack Trace:
#0 /home/bitchtwn/public_html/cakephp/vendor/cakephp/cakephp/src/Error/BaseErrorHandler.php(92): Cake\Error\BaseErrorHandler->handleFatalError(1, 'Call to a membe...', '/home/bitchtwn/...', 73)
#1 [internal function]: Cake\Error\BaseErrorHandler->Cake\Error\{closure}()
#2 {main}


2015-12-13 06:12:22 Error: Fatal Error (1): Call to a member function query() on a non-object in [/home/bitchtwn/public_html/cakephp/src/Controller/OrdersController.php, line 73]
Trace:
Cake\Error\BaseErrorHandler::handleFatalError() - CORE/src/Error/BaseErrorHandler.php, line 209
Cake\Error\BaseErrorHandler::Cake\Error\{closure}() - CORE/src/Error/BaseErrorHandler.php, line 92
[main] - [internal], line ??



2015-12-13 06:12:22 Error: [Cake\Error\FatalErrorException] Call to a member function query() on a non-object
Request URL: /cakephp/orders/update/8
Stack Trace:
#0 /home/bitchtwn/public_html/cakephp/vendor/cakephp/cakephp/src/Error/BaseErrorHandler.php(92): Cake\Error\BaseErrorHandler->handleFatalError(1, 'Call to a membe...', '/home/bitchtwn/...', 73)
#1 [internal function]: Cake\Error\BaseErrorHandler->Cake\Error\{closure}()
#2 {main}


2015-12-13 06:13:45 Error: Fatal Error (1): Call to a member function query() on a non-object in [/home/bitchtwn/public_html/cakephp/src/Controller/OrdersController.php, line 73]
Trace:
Cake\Error\BaseErrorHandler::handleFatalError() - CORE/src/Error/BaseErrorHandler.php, line 209
Cake\Error\BaseErrorHandler::Cake\Error\{closure}() - CORE/src/Error/BaseErrorHandler.php, line 92
[main] - [internal], line ??



2015-12-13 06:13:45 Error: [Cake\Error\FatalErrorException] Call to a member function query() on a non-object
Request URL: /cakephp/orders/update/8
Stack Trace:
#0 /home/bitchtwn/public_html/cakephp/vendor/cakephp/cakephp/src/Error/BaseErrorHandler.php(92): Cake\Error\BaseErrorHandler->handleFatalError(1, 'Call to a membe...', '/home/bitchtwn/...', 73)
#1 [internal function]: Cake\Error\BaseErrorHandler->Cake\Error\{closure}()
#2 {main}


2015-12-13 06:14:11 Error: Fatal Error (1): Call to a member function query() on a non-object in [/home/bitchtwn/public_html/cakephp/src/Controller/OrdersController.php, line 73]
Trace:
Cake\Error\BaseErrorHandler::handleFatalError() - CORE/src/Error/BaseErrorHandler.php, line 209
Cake\Error\BaseErrorHandler::Cake\Error\{closure}() - CORE/src/Error/BaseErrorHandler.php, line 92
[main] - [internal], line ??



2015-12-13 06:14:11 Error: [Cake\Error\FatalErrorException] Call to a member function query() on a non-object
Request URL: /cakephp/orders/update/8
Stack Trace:
#0 /home/bitchtwn/public_html/cakephp/vendor/cakephp/cakephp/src/Error/BaseErrorHandler.php(92): Cake\Error\BaseErrorHandler->handleFatalError(1, 'Call to a membe...', '/home/bitchtwn/...', 73)
#1 [internal function]: Cake\Error\BaseErrorHandler->Cake\Error\{closure}()
#2 {main}


2015-12-13 06:14:49 Error: [PDOException] SQLSTATE[42S22]: Column not found: 1054 Unknown column 'published' in 'field list'
Request URL: /cakephp/orders/update/8
Stack Trace:
#0 /home/bitchtwn/public_html/cakephp/vendor/cakephp/cakephp/src/Database/Statement/MysqlStatement.php(36): PDOStatement->execute(NULL)
#1 /home/bitchtwn/public_html/cakephp/vendor/cakephp/cakephp/src/Database/Statement/StatementDecorator.php(171): Cake\Database\Statement\MysqlStatement->execute(NULL)
#2 /home/bitchtwn/public_html/cakephp/vendor/cakephp/cakephp/src/Database/Log/LoggingStatement.php(56): Cake\Database\Statement\StatementDecorator->execute(NULL)
#3 /home/bitchtwn/public_html/cakephp/vendor/cakephp/cakephp/src/Database/Connection.php(270): Cake\Database\Log\LoggingStatement->execute()
#4 /home/bitchtwn/public_html/cakephp/vendor/cakephp/cakephp/src/Database/Query.php(174): Cake\Database\Connection->run(Object(Cake\ORM\Query))
#5 /home/bitchtwn/public_html/cakephp/src/Controller/OrdersController.php(77): Cake\Database\Query->execute()
#6 [internal function]: App\Controller\OrdersController->update('8')
#7 /home/bitchtwn/public_html/cakephp/vendor/cakephp/cakephp/src/Controller/Controller.php(429): call_user_func_array(Array, Array)
#8 /home/bitchtwn/public_html/cakephp/vendor/cakephp/cakephp/src/Routing/Dispatcher.php(114): Cake\Controller\Controller->invokeAction()
#9 /home/bitchtwn/public_html/cakephp/vendor/cakephp/cakephp/src/Routing/Dispatcher.php(87): Cake\Routing\Dispatcher->_invoke(Object(App\Controller\OrdersController))
#10 /home/bitchtwn/public_html/cakephp/webroot/index.php(37): Cake\Routing\Dispatcher->dispatch(Object(Cake\Network\Request), Object(Cake\Network\Response))
#11 {main}


2015-12-13 06:16:06 Error: [Cake\View\Exception\MissingTemplateException] Template file "Orders/update.ctp" is missing.
Exception Attributes: array (
  'file' => 'Orders/update.ctp',
)
Request URL: /cakephp/orders/update/8
Stack Trace:
#0 /home/bitchtwn/public_html/cakephp/vendor/cakephp/cakephp/src/View/View.php(576): Cake\View\View->_getViewFileName(NULL)
#1 /home/bitchtwn/public_html/cakephp/vendor/cakephp/cakephp/src/Controller/Controller.php(611): Cake\View\View->render(NULL, NULL)
#2 /home/bitchtwn/public_html/cakephp/vendor/cakephp/cakephp/src/Routing/Dispatcher.php(120): Cake\Controller\Controller->render()
#3 /home/bitchtwn/public_html/cakephp/vendor/cakephp/cakephp/src/Routing/Dispatcher.php(87): Cake\Routing\Dispatcher->_invoke(Object(App\Controller\OrdersController))
#4 /home/bitchtwn/public_html/cakephp/webroot/index.php(37): Cake\Routing\Dispatcher->dispatch(Object(Cake\Network\Request), Object(Cake\Network\Response))
#5 {main}


2015-12-13 06:16:59 Error: Fatal Error (4): syntax error, unexpected 'return' (T_RETURN), expecting function (T_FUNCTION) in [/home/bitchtwn/public_html/cakephp/src/Controller/OrdersController.php, line 80]
Trace:
Cake\Error\BaseErrorHandler::handleFatalError() - CORE/src/Error/BaseErrorHandler.php, line 209
Cake\Error\BaseErrorHandler::Cake\Error\{closure}() - CORE/src/Error/BaseErrorHandler.php, line 92
[main] - [internal], line ??



2015-12-13 06:16:59 Error: [Cake\Error\FatalErrorException] syntax error, unexpected 'return' (T_RETURN), expecting function (T_FUNCTION)
Request URL: /cakephp/orders/update/8
Stack Trace:
#0 /home/bitchtwn/public_html/cakephp/vendor/cakephp/cakephp/src/Error/BaseErrorHandler.php(92): Cake\Error\BaseErrorHandler->handleFatalError(4, 'syntax error, u...', '/home/bitchtwn/...', 80)
#1 [internal function]: Cake\Error\BaseErrorHandler->Cake\Error\{closure}()
#2 {main}


2015-12-13 06:30:46 Error: Fatal Error (4): syntax error, unexpected '?' in [/home/bitchtwn/public_html/cakephp/src/Template/Orders/edit.ctp, line 30]
Trace:
Cake\Error\BaseErrorHandler::handleFatalError() - CORE/src/Error/BaseErrorHandler.php, line 209
Cake\Error\BaseErrorHandler::Cake\Error\{closure}() - CORE/src/Error/BaseErrorHandler.php, line 92
[main] - [internal], line ??



2015-12-13 06:30:46 Error: [Cake\Error\FatalErrorException] syntax error, unexpected '?'
Request URL: /cakephp/orders/edit/8
Stack Trace:
#0 /home/bitchtwn/public_html/cakephp/vendor/cakephp/cakephp/src/Error/BaseErrorHandler.php(92): Cake\Error\BaseErrorHandler->handleFatalError(4, 'syntax error, u...', '/home/bitchtwn/...', 30)
#1 [internal function]: Cake\Error\BaseErrorHandler->Cake\Error\{closure}()
#2 {main}


2015-12-13 06:33:06 Error: [Cake\View\Exception\MissingTemplateException] Template file "Users/index.ctp" is missing.
Exception Attributes: array (
  'file' => 'Users/index.ctp',
)
Request URL: /cakephp/users/
Stack Trace:
#0 /home/bitchtwn/public_html/cakephp/vendor/cakephp/cakephp/src/View/View.php(576): Cake\View\View->_getViewFileName(NULL)
#1 /home/bitchtwn/public_html/cakephp/vendor/cakephp/cakephp/src/Controller/Controller.php(611): Cake\View\View->render(NULL, NULL)
#2 /home/bitchtwn/public_html/cakephp/vendor/cakephp/cakephp/src/Routing/Dispatcher.php(120): Cake\Controller\Controller->render()
#3 /home/bitchtwn/public_html/cakephp/vendor/cakephp/cakephp/src/Routing/Dispatcher.php(87): Cake\Routing\Dispatcher->_invoke(Object(App\Controller\UsersController))
#4 /home/bitchtwn/public_html/cakephp/webroot/index.php(37): Cake\Routing\Dispatcher->dispatch(Object(Cake\Network\Request), Object(Cake\Network\Response))
#5 {main}


2015-12-13 06:35:57 Error: Fatal Error (4): syntax error, unexpected 'if' (T_IF) in [/home/bitchtwn/public_html/cakephp/src/Template/Orders/index.ctp, line 32]
Trace:
Cake\Error\BaseErrorHandler::handleFatalError() - CORE/src/Error/BaseErrorHandler.php, line 209
Cake\Error\BaseErrorHandler::Cake\Error\{closure}() - CORE/src/Error/BaseErrorHandler.php, line 92
[main] - [internal], line ??



2015-12-13 06:35:57 Error: [Cake\Error\FatalErrorException] syntax error, unexpected 'if' (T_IF)
Request URL: /cakephp/orders
Stack Trace:
#0 /home/bitchtwn/public_html/cakephp/vendor/cakephp/cakephp/src/Error/BaseErrorHandler.php(92): Cake\Error\BaseErrorHandler->handleFatalError(4, 'syntax error, u...', '/home/bitchtwn/...', 32)
#1 [internal function]: Cake\Error\BaseErrorHandler->Cake\Error\{closure}()
#2 {main}


